{
  "stats": {
    "suites": 1,
    "tests": 1,
    "passes": 1,
    "pending": 0,
    "failures": 0,
    "start": "2025-07-10T19:50:33.063Z",
    "end": "2025-07-10T19:50:34.915Z",
    "duration": 1852,
    "testsRegistered": 1,
    "passPercent": 100,
    "pendingPercent": 0,
    "other": 0,
    "hasOther": false,
    "skipped": 0,
    "hasSkipped": false
  },
  "results": [
    {
      "uuid": "57f84d8a-d44e-49f1-a31d-1917c7386f75",
      "title": "",
      "fullFile": "cypress\\e2e\\api\\recibo_consolidado.cy.js",
      "file": "cypress\\e2e\\api\\recibo_consolidado.cy.js",
      "beforeHooks": [],
      "afterHooks": [],
      "tests": [],
      "suites": [
        {
          "uuid": "325d5f3b-37e8-48ae-8fe3-30c09edeb29c",
          "title": "Rodobens | Emissão de Recibo Consolidado",
          "fullFile": "",
          "file": "",
          "beforeHooks": [],
          "afterHooks": [],
          "tests": [
            {
              "title": "",
              "fullTitle": "Rodobens | Emissão de Recibo Consolidado ",
              "timedOut": null,
              "duration": 1799,
              "state": "passed",
              "speed": "fast",
              "pass": true,
              "fail": false,
              "pending": false,
              "context": null,
              "code": "cy.fixture('reciboConsolidadoBody.json').then(requestBody => {\n  cy.request({\n    method: 'POST',\n    url,\n    qs: queryParams,\n    headers,\n    body: requestBody,\n    failOnStatusCode: false\n  }).then(response => {\n    cy.softAssert(response.status === 200, `Status esperado 200, veio ${response.status}`);\n    const body = response.body;\n    const temDados = body.hasOwnProperty('dados');\n    cy.softAssert(temDados, \"Propriedade 'dados' ausente no body.\");\n    if (temDados) {\n      validarDadosReciboConsolidado(body.dados);\n    }\n  }).then(() => {\n    cy.checkSoftAsserts();\n  });\n});",
              "err": {},
              "uuid": "955f2355-f75f-4d28-9a55-e9e78712eb41",
              "parentUUID": "325d5f3b-37e8-48ae-8fe3-30c09edeb29c",
              "isHook": false,
              "skipped": false
            }
          ],
          "suites": [],
          "passes": [
            "955f2355-f75f-4d28-9a55-e9e78712eb41"
          ],
          "failures": [],
          "pending": [],
          "skipped": [],
          "duration": 1799,
          "root": false,
          "rootEmpty": false,
          "_timeout": 2000
        }
      ],
      "passes": [],
      "failures": [],
      "pending": [],
      "skipped": [],
      "duration": 0,
      "root": true,
      "rootEmpty": true,
      "_timeout": 2000
    }
  ],
  "meta": {
    "mocha": {
      "version": "7.2.0"
    },
    "mochawesome": {
      "options": {
        "quiet": false,
        "reportFilename": "mochawesome",
        "saveHtml": false,
        "saveJson": true,
        "consoleReporter": "spec",
        "useInlineDiffs": false,
        "code": true
      },
      "version": "7.1.3"
    },
    "marge": {
      "options": {
        "reportDir": "cypress/reports/json",
        "overwrite": false,
        "html": false,
        "json": true,
        "inlineAssets": true
      },
      "version": "6.2.0"
    }
  }
}