{
  "stats": {
    "suites": 3,
    "tests": 3,
    "passes": 2,
    "pending": 0,
    "failures": 1,
    "testsRegistered": 3,
    "passPercent": 66.66666666666667,
    "pendingPercent": 0,
    "other": 0,
    "hasOther": false,
    "skipped": 0,
    "hasSkipped": false,
    "start": "2025-07-10T19:50:33.063Z",
    "end": "2025-07-10T19:51:03.661Z",
    "duration": 30598
  },
  "results": [
    {
      "uuid": "b006843b-d678-48c3-8544-c80c64acdae8",
      "title": "",
      "fullFile": "cypress\\e2e\\api\\recibo_consolidado_erro.cy.js",
      "file": "cypress\\e2e\\api\\recibo_consolidado_erro.cy.js",
      "beforeHooks": [],
      "afterHooks": [],
      "tests": [],
      "suites": [
        {
          "uuid": "6addfdf1-3634-46d3-99e8-dc5187cdc8cb",
          "title": "Rodobens | Emissão de Recibo Consolidado",
          "fullFile": "",
          "file": "",
          "beforeHooks": [],
          "afterHooks": [],
          "tests": [
            {
              "title": "",
              "fullTitle": "Rodobens | Emissão de Recibo Consolidado ",
              "timedOut": null,
              "duration": 1707,
              "state": "failed",
              "speed": null,
              "pass": false,
              "fail": true,
              "pending": false,
              "context": "{\n  \"title\": \"cypress-mochawesome-reporter-screenshots\",\n  \"value\": [\n    [\n      \"\\\\recibo_consolidado_erro.cy.js\\\\Rodobens  Emissão de Recibo Consolidado --  (failed).png\"\n    ]\n  ]\n}",
              "code": "cy.fixture('reciboConsolidadoBody.json').then(requestBody => {\n  cy.request({\n    method: 'POST',\n    url,\n    qs: queryParams,\n    headers,\n    body: requestBody,\n    failOnStatusCode: false\n  }).then(response => {\n    cy.softAssert(response.status === 200, `Status esperado 200, veio ${response.status}`);\n    const body = response.body;\n    const temDados = body.hasOwnProperty('dados');\n    cy.softAssert(temDados, \"Propriedade 'dados' ausente no body.\");\n    if (temDados) {\n      validarDadosReciboConsolidado(body.dados);\n    }\n  }).then(() => {\n    cy.checkSoftAsserts();\n  });\n});",
              "err": {
                "message": "Error: Erro(s) encontrado(s):\nStrBarra deveria ter 111 caractéres, tem '112'",
                "estack": "Error: Erro(s) encontrado(s):\nStrBarra deveria ter 111 caractéres, tem '112'\n    at Context.eval (webpack:///./cypress/support/commands.js:14:12)\n    at getRet (http://localhost:62390/__cypress/runner/cypress_runner.js:120949:20)\n    at tryCatcher (http://localhost:62390/__cypress/runner/cypress_runner.js:1777:23)\n    at Promise.attempt.Promise.try (http://localhost:62390/__cypress/runner/cypress_runner.js:4285:29)\n    at Context.thenFn (http://localhost:62390/__cypress/runner/cypress_runner.js:120960:66)\n    at Context.then (http://localhost:62390/__cypress/runner/cypress_runner.js:121211:21)\n    at wrapped (http://localhost:62390/__cypress/runner/cypress_runner.js:141532:19)\n    at <unknown> (http://localhost:62390/__cypress/runner/cypress_runner.js:147477:15)\n    at tryCatcher (http://localhost:62390/__cypress/runner/cypress_runner.js:1777:23)",
                "diff": null
              },
              "uuid": "197dc233-c316-4b43-9b65-a5f25a9ec334",
              "parentUUID": "6addfdf1-3634-46d3-99e8-dc5187cdc8cb",
              "isHook": false,
              "skipped": false
            }
          ],
          "suites": [],
          "passes": [],
          "failures": [
            "197dc233-c316-4b43-9b65-a5f25a9ec334"
          ],
          "pending": [],
          "skipped": [],
          "duration": 1707,
          "root": false,
          "rootEmpty": false,
          "_timeout": 2000
        }
      ],
      "passes": [],
      "failures": [],
      "pending": [],
      "skipped": [],
      "duration": 0,
      "root": true,
      "rootEmpty": true,
      "_timeout": 2000
    },
    {
      "uuid": "57f84d8a-d44e-49f1-a31d-1917c7386f75",
      "title": "",
      "fullFile": "cypress\\e2e\\api\\recibo_consolidado.cy.js",
      "file": "cypress\\e2e\\api\\recibo_consolidado.cy.js",
      "beforeHooks": [],
      "afterHooks": [],
      "tests": [],
      "suites": [
        {
          "uuid": "325d5f3b-37e8-48ae-8fe3-30c09edeb29c",
          "title": "Rodobens | Emissão de Recibo Consolidado",
          "fullFile": "",
          "file": "",
          "beforeHooks": [],
          "afterHooks": [],
          "tests": [
            {
              "title": "",
              "fullTitle": "Rodobens | Emissão de Recibo Consolidado ",
              "timedOut": null,
              "duration": 1799,
              "state": "passed",
              "speed": "fast",
              "pass": true,
              "fail": false,
              "pending": false,
              "context": null,
              "code": "cy.fixture('reciboConsolidadoBody.json').then(requestBody => {\n  cy.request({\n    method: 'POST',\n    url,\n    qs: queryParams,\n    headers,\n    body: requestBody,\n    failOnStatusCode: false\n  }).then(response => {\n    cy.softAssert(response.status === 200, `Status esperado 200, veio ${response.status}`);\n    const body = response.body;\n    const temDados = body.hasOwnProperty('dados');\n    cy.softAssert(temDados, \"Propriedade 'dados' ausente no body.\");\n    if (temDados) {\n      validarDadosReciboConsolidado(body.dados);\n    }\n  }).then(() => {\n    cy.checkSoftAsserts();\n  });\n});",
              "err": {},
              "uuid": "955f2355-f75f-4d28-9a55-e9e78712eb41",
              "parentUUID": "325d5f3b-37e8-48ae-8fe3-30c09edeb29c",
              "isHook": false,
              "skipped": false
            }
          ],
          "suites": [],
          "passes": [
            "955f2355-f75f-4d28-9a55-e9e78712eb41"
          ],
          "failures": [],
          "pending": [],
          "skipped": [],
          "duration": 1799,
          "root": false,
          "rootEmpty": false,
          "_timeout": 2000
        }
      ],
      "passes": [],
      "failures": [],
      "pending": [],
      "skipped": [],
      "duration": 0,
      "root": true,
      "rootEmpty": true,
      "_timeout": 2000
    },
    {
      "uuid": "6d1f357c-d6c4-4799-92f8-3f78f05d2e65",
      "title": "",
      "fullFile": "cypress\\e2e\\pdf\\valida_boleto_recibo_consolidado.cy.js",
      "file": "cypress\\e2e\\pdf\\valida_boleto_recibo_consolidado.cy.js",
      "beforeHooks": [],
      "afterHooks": [],
      "tests": [],
      "suites": [
        {
          "uuid": "ae6750e0-a508-4dc6-8741-ebf0353c02bf",
          "title": "Leitura de PDF - Tarifas Pretendente",
          "fullFile": "",
          "file": "",
          "beforeHooks": [],
          "afterHooks": [],
          "tests": [
            {
              "title": "",
              "fullTitle": "Leitura de PDF - Tarifas Pretendente ",
              "timedOut": null,
              "duration": 324,
              "state": "passed",
              "speed": "fast",
              "pass": true,
              "fail": false,
              "pending": false,
              "context": null,
              "code": "const caminhoPdf = 'cypress/e2e/pdf/boleto_recibo_consolidado.pdf';\ncy.task('lerPdf', caminhoPdf).then(textoPdf => {\n  cy.log(textoPdf);\n  expect(textoPdf).to.include('BANCO RODOBENS S/A');\n  expect(textoPdf).to.include('Cidade de São Paulo, Estado de São Paulo, à Rua Estado de Israel, nº 975, Cep 04022-002');\n  expect(textoPdf).to.include('PRESTAÇÃO');\n  expect(textoPdf).to.include('620,59');\n  expect(textoPdf).to.include('10/07/2025');\n  expect(textoPdf).to.include('    34191.75017 00996.091245 81070.110002 7 11680000062059');\n});",
              "err": {},
              "uuid": "f2edbdbd-5b10-41fd-a69c-4a633ecf8c8e",
              "parentUUID": "ae6750e0-a508-4dc6-8741-ebf0353c02bf",
              "isHook": false,
              "skipped": false
            }
          ],
          "suites": [],
          "passes": [
            "f2edbdbd-5b10-41fd-a69c-4a633ecf8c8e"
          ],
          "failures": [],
          "pending": [],
          "skipped": [],
          "duration": 324,
          "root": false,
          "rootEmpty": false,
          "_timeout": 2000
        }
      ],
      "passes": [],
      "failures": [],
      "pending": [],
      "skipped": [],
      "duration": 0,
      "root": true,
      "rootEmpty": true,
      "_timeout": 2000
    }
  ],
  "meta": {
    "mocha": {
      "version": "7.2.0"
    },
    "mochawesome": {
      "options": {
        "quiet": false,
        "reportFilename": "mochawesome",
        "saveHtml": false,
        "saveJson": true,
        "consoleReporter": "spec",
        "useInlineDiffs": false,
        "code": true
      },
      "version": "7.1.3"
    },
    "marge": {
      "options": {
        "reportDir": "cypress/reports/json",
        "overwrite": false,
        "html": false,
        "json": true,
        "inlineAssets": true
      },
      "version": "6.2.0"
    }
  }
}