{
  "stats": {
    "suites": 1,
    "tests": 1,
    "passes": 1,
    "pending": 0,
    "failures": 0,
    "start": "2025-07-10T19:51:03.263Z",
    "end": "2025-07-10T19:51:03.661Z",
    "duration": 398,
    "testsRegistered": 1,
    "passPercent": 100,
    "pendingPercent": 0,
    "other": 0,
    "hasOther": false,
    "skipped": 0,
    "hasSkipped": false
  },
  "results": [
    {
      "uuid": "6d1f357c-d6c4-4799-92f8-3f78f05d2e65",
      "title": "",
      "fullFile": "cypress\\e2e\\pdf\\valida_boleto_recibo_consolidado.cy.js",
      "file": "cypress\\e2e\\pdf\\valida_boleto_recibo_consolidado.cy.js",
      "beforeHooks": [],
      "afterHooks": [],
      "tests": [],
      "suites": [
        {
          "uuid": "ae6750e0-a508-4dc6-8741-ebf0353c02bf",
          "title": "Leitura de PDF - Tarifas Pretendente",
          "fullFile": "",
          "file": "",
          "beforeHooks": [],
          "afterHooks": [],
          "tests": [
            {
              "title": "",
              "fullTitle": "Leitura de PDF - Tarifas Pretendente ",
              "timedOut": null,
              "duration": 324,
              "state": "passed",
              "speed": "fast",
              "pass": true,
              "fail": false,
              "pending": false,
              "context": null,
              "code": "const caminhoPdf = 'cypress/e2e/pdf/boleto_recibo_consolidado.pdf';\ncy.task('lerPdf', caminhoPdf).then(textoPdf => {\n  cy.log(textoPdf);\n  expect(textoPdf).to.include('BANCO RODOBENS S/A');\n  expect(textoPdf).to.include('Cidade de São Paulo, Estado de São Paulo, à Rua Estado de Israel, nº 975, Cep 04022-002');\n  expect(textoPdf).to.include('PRESTAÇÃO');\n  expect(textoPdf).to.include('620,59');\n  expect(textoPdf).to.include('10/07/2025');\n  expect(textoPdf).to.include('    34191.75017 00996.091245 81070.110002 7 11680000062059');\n});",
              "err": {},
              "uuid": "f2edbdbd-5b10-41fd-a69c-4a633ecf8c8e",
              "parentUUID": "ae6750e0-a508-4dc6-8741-ebf0353c02bf",
              "isHook": false,
              "skipped": false
            }
          ],
          "suites": [],
          "passes": [
            "f2edbdbd-5b10-41fd-a69c-4a633ecf8c8e"
          ],
          "failures": [],
          "pending": [],
          "skipped": [],
          "duration": 324,
          "root": false,
          "rootEmpty": false,
          "_timeout": 2000
        }
      ],
      "passes": [],
      "failures": [],
      "pending": [],
      "skipped": [],
      "duration": 0,
      "root": true,
      "rootEmpty": true,
      "_timeout": 2000
    }
  ],
  "meta": {
    "mocha": {
      "version": "7.2.0"
    },
    "mochawesome": {
      "options": {
        "quiet": false,
        "reportFilename": "mochawesome",
        "saveHtml": false,
        "saveJson": true,
        "consoleReporter": "spec",
        "useInlineDiffs": false,
        "code": true
      },
      "version": "7.1.3"
    },
    "marge": {
      "options": {
        "reportDir": "cypress/reports/json",
        "overwrite": false,
        "html": false,
        "json": true,
        "inlineAssets": true
      },
      "version": "6.2.0"
    }
  }
}