{
  "stats": {
    "suites": 1,
    "tests": 1,
    "passes": 0,
    "pending": 0,
    "failures": 1,
    "start": "2025-07-10T19:50:47.873Z",
    "end": "2025-07-10T19:50:49.632Z",
    "duration": 1759,
    "testsRegistered": 1,
    "passPercent": 0,
    "pendingPercent": 0,
    "other": 0,
    "hasOther": false,
    "skipped": 0,
    "hasSkipped": false
  },
  "results": [
    {
      "uuid": "b006843b-d678-48c3-8544-c80c64acdae8",
      "title": "",
      "fullFile": "cypress\\e2e\\api\\recibo_consolidado_erro.cy.js",
      "file": "cypress\\e2e\\api\\recibo_consolidado_erro.cy.js",
      "beforeHooks": [],
      "afterHooks": [],
      "tests": [],
      "suites": [
        {
          "uuid": "6addfdf1-3634-46d3-99e8-dc5187cdc8cb",
          "title": "Rodobens | Emissão de Recibo Consolidado",
          "fullFile": "",
          "file": "",
          "beforeHooks": [],
          "afterHooks": [],
          "tests": [
            {
              "title": "",
              "fullTitle": "Rodobens | Emissão de Recibo Consolidado ",
              "timedOut": null,
              "duration": 1707,
              "state": "failed",
              "speed": null,
              "pass": false,
              "fail": true,
              "pending": false,
              "context": "{\n  \"title\": \"cypress-mochawesome-reporter-screenshots\",\n  \"value\": [\n    [\n      \"\\\\recibo_consolidado_erro.cy.js\\\\Rodobens  Emissão de Recibo Consolidado --  (failed).png\"\n    ]\n  ]\n}",
              "code": "cy.fixture('reciboConsolidadoBody.json').then(requestBody => {\n  cy.request({\n    method: 'POST',\n    url,\n    qs: queryParams,\n    headers,\n    body: requestBody,\n    failOnStatusCode: false\n  }).then(response => {\n    cy.softAssert(response.status === 200, `Status esperado 200, veio ${response.status}`);\n    const body = response.body;\n    const temDados = body.hasOwnProperty('dados');\n    cy.softAssert(temDados, \"Propriedade 'dados' ausente no body.\");\n    if (temDados) {\n      validarDadosReciboConsolidado(body.dados);\n    }\n  }).then(() => {\n    cy.checkSoftAsserts();\n  });\n});",
              "err": {
                "message": "Error: Erro(s) encontrado(s):\nStrBarra deveria ter 111 caractéres, tem '112'",
                "estack": "Error: Erro(s) encontrado(s):\nStrBarra deveria ter 111 caractéres, tem '112'\n    at Context.eval (webpack:///./cypress/support/commands.js:14:12)\n    at getRet (http://localhost:62390/__cypress/runner/cypress_runner.js:120949:20)\n    at tryCatcher (http://localhost:62390/__cypress/runner/cypress_runner.js:1777:23)\n    at Promise.attempt.Promise.try (http://localhost:62390/__cypress/runner/cypress_runner.js:4285:29)\n    at Context.thenFn (http://localhost:62390/__cypress/runner/cypress_runner.js:120960:66)\n    at Context.then (http://localhost:62390/__cypress/runner/cypress_runner.js:121211:21)\n    at wrapped (http://localhost:62390/__cypress/runner/cypress_runner.js:141532:19)\n    at <unknown> (http://localhost:62390/__cypress/runner/cypress_runner.js:147477:15)\n    at tryCatcher (http://localhost:62390/__cypress/runner/cypress_runner.js:1777:23)",
                "diff": null
              },
              "uuid": "197dc233-c316-4b43-9b65-a5f25a9ec334",
              "parentUUID": "6addfdf1-3634-46d3-99e8-dc5187cdc8cb",
              "isHook": false,
              "skipped": false
            }
          ],
          "suites": [],
          "passes": [],
          "failures": [
            "197dc233-c316-4b43-9b65-a5f25a9ec334"
          ],
          "pending": [],
          "skipped": [],
          "duration": 1707,
          "root": false,
          "rootEmpty": false,
          "_timeout": 2000
        }
      ],
      "passes": [],
      "failures": [],
      "pending": [],
      "skipped": [],
      "duration": 0,
      "root": true,
      "rootEmpty": true,
      "_timeout": 2000
    }
  ],
  "meta": {
    "mocha": {
      "version": "7.2.0"
    },
    "mochawesome": {
      "options": {
        "quiet": false,
        "reportFilename": "mochawesome",
        "saveHtml": false,
        "saveJson": true,
        "consoleReporter": "spec",
        "useInlineDiffs": false,
        "code": true
      },
      "version": "7.1.3"
    },
    "marge": {
      "options": {
        "reportDir": "cypress/reports/json",
        "overwrite": false,
        "html": false,
        "json": true,
        "inlineAssets": true
      },
      "version": "6.2.0"
    }
  }
}