{
  "stats": {
    "suites": 1,
    "tests": 1,
    "passes": 1,
    "pending": 0,
    "failures": 0,
    "start": "2025-07-10T21:10:40.199Z",
    "end": "2025-07-10T21:10:41.530Z",
    "duration": 1331,
    "testsRegistered": 1,
    "passPercent": 100,
    "pendingPercent": 0,
    "other": 0,
    "hasOther": false,
    "skipped": 0,
    "hasSkipped": false
  },
  "results": [
    {
      "uuid": "f26032ed-4de4-46c5-b1d7-3cb14c2e7a92",
      "title": "",
      "fullFile": "cypress\\e2e\\pdf\\valida_boleto_recibo_consolidado.cy.js",
      "file": "cypress\\e2e\\pdf\\valida_boleto_recibo_consolidado.cy.js",
      "beforeHooks": [],
      "afterHooks": [],
      "tests": [],
      "suites": [
        {
          "uuid": "d93de879-b53e-4f36-b560-2dffc48df579",
          "title": "Leitura de PDF - Tarifas Pretendente",
          "fullFile": "",
          "file": "",
          "beforeHooks": [],
          "afterHooks": [],
          "tests": [
            {
              "title": "",
              "fullTitle": "Leitura de PDF - Tarifas Pretendente ",
              "timedOut": null,
              "duration": 1096,
              "state": "passed",
              "speed": "fast",
              "pass": true,
              "fail": false,
              "pending": false,
              "context": null,
              "code": "const caminhoPdf = 'cypress/e2e/pdf/boleto_recibo_consolidado.pdf';\ncy.task('lerPdf', caminhoPdf).then(textoPdf => {\n  cy.log(textoPdf);\n  expect(textoPdf).to.include('BANCO RODOBENS S/A');\n  expect(textoPdf).to.include('Cidade de São Paulo, Estado de São Paulo, à Rua Estado de Israel, nº 975, Cep 04022-002');\n  expect(textoPdf).to.include('PRESTAÇÃO');\n  expect(textoPdf).to.include('620,59');\n  expect(textoPdf).to.include('10/07/2025');\n  expect(textoPdf).to.include('    34191.75017 00996.091245 81070.110002 7 11680000062059');\n});",
              "err": {},
              "uuid": "c0317823-ba8b-4516-be0f-95eb5a426ee7",
              "parentUUID": "d93de879-b53e-4f36-b560-2dffc48df579",
              "isHook": false,
              "skipped": false
            }
          ],
          "suites": [],
          "passes": [
            "c0317823-ba8b-4516-be0f-95eb5a426ee7"
          ],
          "failures": [],
          "pending": [],
          "skipped": [],
          "duration": 1096,
          "root": false,
          "rootEmpty": false,
          "_timeout": 2000
        }
      ],
      "passes": [],
      "failures": [],
      "pending": [],
      "skipped": [],
      "duration": 0,
      "root": true,
      "rootEmpty": true,
      "_timeout": 2000
    }
  ],
  "meta": {
    "mocha": {
      "version": "7.2.0"
    },
    "mochawesome": {
      "options": {
        "quiet": false,
        "reportFilename": "mochawesome",
        "saveHtml": false,
        "saveJson": true,
        "consoleReporter": "spec",
        "useInlineDiffs": false,
        "code": true
      },
      "version": "7.1.3"
    },
    "marge": {
      "options": {
        "reportDir": "cypress/reports/json",
        "overwrite": false,
        "html": false,
        "json": true,
        "inlineAssets": true
      },
      "version": "6.2.0"
    }
  }
}