{
  "stats": {
    "suites": 1,
    "tests": 1,
    "passes": 1,
    "pending": 0,
    "failures": 0,
    "start": "2025-07-01T22:09:50.665Z",
    "end": "2025-07-01T22:09:59.831Z",
    "duration": 9166,
    "testsRegistered": 1,
    "passPercent": 100,
    "pendingPercent": 0,
    "other": 0,
    "hasOther": false,
    "skipped": 0,
    "hasSkipped": false
  },
  "results": [
    {
      "uuid": "288703a1-fa6c-4b59-9254-1da3f66b0a49",
      "title": "",
      "fullFile": "cypress\\e2e\\nav\\validar_supertela.cy.js",
      "file": "cypress\\e2e\\nav\\validar_supertela.cy.js",
      "beforeHooks": [],
      "afterHooks": [],
      "tests": [],
      "suites": [
        {
          "uuid": "f46cdb8c-00d5-468a-b64a-80e9041af311",
          "title": "Validar Campos da Super Tela [CashMe]",
          "fullFile": "",
          "file": "",
          "beforeHooks": [],
          "afterHooks": [],
          "tests": [
            {
              "title": "",
              "fullTitle": "Validar Campos da Super Tela [CashMe] ",
              "timedOut": null,
              "duration": 7172,
              "state": "passed",
              "speed": "medium",
              "pass": true,
              "fail": false,
              "pending": false,
              "context": null,
              "code": "executaLoginSupervisor('/u11/cashme/dados');\nacessaContrato();\nvalidaCamposHeader();",
              "err": {},
              "uuid": "b808eefd-9241-4e70-9036-8717dc769c69",
              "parentUUID": "f46cdb8c-00d5-468a-b64a-80e9041af311",
              "isHook": false,
              "skipped": false
            }
          ],
          "suites": [],
          "passes": [
            "b808eefd-9241-4e70-9036-8717dc769c69"
          ],
          "failures": [],
          "pending": [],
          "skipped": [],
          "duration": 7172,
          "root": false,
          "rootEmpty": false,
          "_timeout": 2000
        }
      ],
      "passes": [],
      "failures": [],
      "pending": [],
      "skipped": [],
      "duration": 0,
      "root": true,
      "rootEmpty": true,
      "_timeout": 2000
    }
  ],
  "meta": {
    "mocha": {
      "version": "7.2.0"
    },
    "mochawesome": {
      "options": {
        "quiet": false,
        "reportFilename": "mochawesome",
        "saveHtml": false,
        "saveJson": true,
        "consoleReporter": "spec",
        "useInlineDiffs": false,
        "code": true
      },
      "version": "7.1.3"
    },
    "marge": {
      "options": {
        "reportDir": "cypress/reports/json",
        "overwrite": false,
        "html": false,
        "json": true,
        "inlineAssets": true
      },
      "version": "6.2.0"
    }
  }
}