{
  "stats": {
    "suites": 2,
    "tests": 2,
    "passes": 1,
    "pending": 0,
    "failures": 1,
    "testsRegistered": 2,
    "passPercent": 50,
    "pendingPercent": 0,
    "other": 0,
    "hasOther": false,
    "skipped": 0,
    "hasSkipped": false,
    "start": "2025-07-01T21:50:29.656Z",
    "end": "2025-07-01T21:50:39.270Z",
    "duration": 9614
  },
  "results": [
    {
      "uuid": "75572edd-62b7-44d8-bd82-373beda586e2",
      "title": "",
      "fullFile": "cypress\\e2e\\api\\simulacao_contratos.cy.js",
      "file": "cypress\\e2e\\api\\simulacao_contratos.cy.js",
      "beforeHooks": [],
      "afterHooks": [],
      "tests": [],
      "suites": [
        {
          "uuid": "c4194d27-724f-49ba-8538-b61f933246f3",
          "title": "Simulação de Evolução de Contrato",
          "fullFile": "",
          "file": "",
          "beforeHooks": [],
          "afterHooks": [],
          "tests": [
            {
              "title": "Valida retorno completo da API simulando contrato",
              "fullTitle": "Simulação de Evolução de Contrato Valida retorno completo da API simulando contrato",
              "timedOut": null,
              "duration": 688,
              "state": "passed",
              "speed": "fast",
              "pass": true,
              "fail": false,
              "pending": false,
              "context": null,
              "code": "let erros = [];\ncy.request({\n  method: 'POST',\n  url: 'https://desenv.prognum.com.br/aejs/rest/w/wtela/SimulaEvolucaoContrato',\n  qs: {\n    sessionKey: '123456',\n    contexto: 'CORP_WEB',\n    userName: 'loginintegracao',\n    ambienteOperacional: '/u11/cashme/dados/ambiente_integracao'\n  },\n  headers: {\n    'Content-Type': 'application/json'\n  },\n  body: {\n    \"CADMUT_Financ_Plano\": 111,\n    \"CADMUT_Financ_Prazo\": 12,\n    \"CADMUT_Financ_DtAssin\": \"05/05/2025\",\n    \"CADMUT_Financ_DiaVenc\": 5,\n    \"CADMUT_Financ_TxJuros\": 14.0000000000,\n    \"CADMUT_Financ_ValAval\": 150000.00,\n    \"CADMUT_Financ_ValFinanc\": 110000.00,\n    \"IN_CalculaIOF\": \"T\",\n    \"IN_IOFnoFinanciamento\": \"T\",\n    \"IN_IOFAliquotaMaxima\": \"T\",\n    \"CADMUT_Financ_TTx\": 16,\n    \"CADMUT_Financ_TxAdm\": 25.00,\n    \"CADMUT_Financ_IndSegImv\": 0.000065000,\n    \"CADMUT_Financ_IndSegFin\": 0.000350000,\n    \"CADMUT_Cad2_CodApolice\": 1,\n    \"CADMUT_Cad4_CodApoliceDFI\": 1,\n    \"CADMUT_Financ3_SegReCalcSaldo\": \"T\",\n    \"CADMUT_Cad_TipoCtr\": 40,\n    \"CADMUT_Financ3_JuroEfetivo252\": \"F\",\n    \"CADMUT_Financ3_AmortizaSaldoComNPC0\": \"F\",\n    \"CADMUT_Financ3_JurProrata\": \"T\",\n    \"CADMUT_CAD6_COBRJURCAPPRST1\": \"F\",\n    \"CADMUT_CAD6_PRZCARAMORT\": 0,\n    \"CADMUT_CAD6_INCJURCARAMORT\": 1,\n    \"CADMUT_Cad_FisJur\": \"J\",\n    \"CADMUT_Financ3_NaoCobraSegUltPrst\": \"F\",\n    \"CADMUT_Financ2_SdRata\": 128\n  }\n}).then(response => {\n  if (response.status !== 200) {\n    erros.push(`Status code esperado 200, mas veio ${response.status}`);\n  }\n  if (!response.body.hasOwnProperty('GRIDEVOLUCAOTEORICA')) {\n    erros.push(\"Propriedade 'GRIDEVOLUCAOTEORICA' ausente no body.\");\n  } else {\n    if (!Array.isArray(response.body.GRIDEVOLUCAOTEORICA) || response.body.GRIDEVOLUCAOTEORICA.length !== 13) {\n      erros.push(`GRIDEVOLUCAOTEORICA deve ser array de 13 elementos, veio ${response.body.GRIDEVOLUCAOTEORICA.length}`);\n    } else {\n      const primeiraParcela = response.body.GRIDEVOLUCAOTEORICA[0];\n      const ultimaParcela = response.body.GRIDEVOLUCAOTEORICA[12];\n      if (primeiraParcela.PREPRZ !== \"000/012\") {\n        erros.push(`PREPRZ da 1ª parcela esperado '000/012', veio '${primeiraParcela.PREPRZ}'`);\n      }\n      if (primeiraParcela.PRESTACAO !== \"73.99\") {\n        erros.push(`PRESTACAO da 1ª parcela esperado '73.99', veio '${primeiraParcela.PRESTACAO}'`);\n      }\n      if (ultimaParcela.PREPRZ !== \"012/012\") {\n        erros.push(`PREPRZ da última parcela esperado '012/012', veio '${ultimaParcela.PREPRZ}'`);\n      }\n      if (ultimaParcela.SALDODEV !== \"0\") {\n        erros.push(`SALDODEV da última parcela esperado '0', veio '${ultimaParcela.SALDODEV}'`);\n      }\n    }\n  }\n  if (response.body.VA_IOF !== '2107.62') {\n    erros.push(`Valor de VA_IOF esperado '2107.62', veio '${response.body.VA_IOF}'`);\n  }\n}).then(() => {\n  if (erros.length > 0) {\n    cy.log('Erros encontrados:');\n    erros.forEach(erro => cy.log(erro));\n    throw new Error(erros.join('\\n'));\n  } else {\n    cy.log('Todas as validações passaram.');\n  }\n});",
              "err": {},
              "uuid": "a36d97d2-f05b-4895-a3bd-58d22b3efc31",
              "parentUUID": "c4194d27-724f-49ba-8538-b61f933246f3",
              "isHook": false,
              "skipped": false
            }
          ],
          "suites": [],
          "passes": [
            "a36d97d2-f05b-4895-a3bd-58d22b3efc31"
          ],
          "failures": [],
          "pending": [],
          "skipped": [],
          "duration": 688,
          "root": false,
          "rootEmpty": false,
          "_timeout": 2000
        }
      ],
      "passes": [],
      "failures": [],
      "pending": [],
      "skipped": [],
      "duration": 0,
      "root": true,
      "rootEmpty": true,
      "_timeout": 2000
    },
    {
      "uuid": "61cbdf60-0eb6-4019-a2dc-9bdf30225498",
      "title": "",
      "fullFile": "cypress\\e2e\\nav\\validar_supertela.cy.js",
      "file": "cypress\\e2e\\nav\\validar_supertela.cy.js",
      "beforeHooks": [],
      "afterHooks": [],
      "tests": [],
      "suites": [
        {
          "uuid": "b374e8ca-a9a1-4301-b05b-13b34655a7f8",
          "title": "Validar Campos da Super Tela [CashMe]",
          "fullFile": "",
          "file": "",
          "beforeHooks": [],
          "afterHooks": [],
          "tests": [
            {
              "title": "",
              "fullTitle": "Validar Campos da Super Tela [CashMe] ",
              "timedOut": null,
              "duration": 340,
              "state": "failed",
              "speed": null,
              "pass": false,
              "fail": true,
              "pending": false,
              "context": "{\n  \"title\": \"cypress-mochawesome-reporter-screenshots\",\n  \"value\": [\n    [\n      \"\\\\validar_supertela.cy.js\\\\Validar Campos da Super Tela [CashMe] --  (failed).png\"\n    ]\n  ]\n}",
              "code": "executaLoginSupervisor('/u11/cashme/dados');\nacessaContrato();\nvalidaCamposHeader();",
              "err": {
                "message": "CypressError: `cy.visit()` failed trying to load:\n\nhttp://10.3.98.108/aejs/\n\nThe response we received from your web server was:\n\n  > 403: Forbidden\n\nThis was considered a failure because the status code was not `2xx`.\n\nIf you do not want status codes to cause failures pass the option: `failOnStatusCode: false`",
                "estack": "CypressError: `cy.visit()` failed trying to load:\n\nhttp://10.3.98.108/aejs/\n\nThe response we received from your web server was:\n\n  > 403: Forbidden\n\nThis was considered a failure because the status code was not `2xx`.\n\nIf you do not want status codes to cause failures pass the option: `failOnStatusCode: false`\n    at <unknown> (http://localhost:63887/__cypress/runner/cypress_runner.js:135035:76)\n    at visitFailedByErr (http://localhost:63887/__cypress/runner/cypress_runner.js:134441:12)\n    at <unknown> (http://localhost:63887/__cypress/runner/cypress_runner.js:135018:13)\n    at tryCatcher (http://localhost:63887/__cypress/runner/cypress_runner.js:1777:23)\n    at Promise._settlePromiseFromHandler (http://localhost:63887/__cypress/runner/cypress_runner.js:1489:31)\n    at Promise._settlePromise (http://localhost:63887/__cypress/runner/cypress_runner.js:1546:18)\n    at Promise._settlePromise0 (http://localhost:63887/__cypress/runner/cypress_runner.js:1591:10)\n    at Promise._settlePromises (http://localhost:63887/__cypress/runner/cypress_runner.js:1667:18)\n    at _drainQueueStep (http://localhost:63887/__cypress/runner/cypress_runner.js:2377:12)\n    at _drainQueue (http://localhost:63887/__cypress/runner/cypress_runner.js:2370:9)\n    at Async._drainQueues (http://localhost:63887/__cypress/runner/cypress_runner.js:2386:5)\n    at Async.drainQueues (http://localhost:63887/__cypress/runner/cypress_runner.js:2256:14)\nFrom Your Spec Code:\n    at executaLoginSupervisor (webpack:///./cypress/e2e/nav/validar_supertela.cy.js:5:5)\n    at Context.eval (webpack:///./cypress/e2e/nav/validar_supertela.cy.js:41:4)",
                "diff": null
              },
              "uuid": "0b44e98d-a683-4780-960c-3658d27a3339",
              "parentUUID": "b374e8ca-a9a1-4301-b05b-13b34655a7f8",
              "isHook": false,
              "skipped": false
            }
          ],
          "suites": [],
          "passes": [],
          "failures": [
            "0b44e98d-a683-4780-960c-3658d27a3339"
          ],
          "pending": [],
          "skipped": [],
          "duration": 340,
          "root": false,
          "rootEmpty": false,
          "_timeout": 2000
        }
      ],
      "passes": [],
      "failures": [],
      "pending": [],
      "skipped": [],
      "duration": 0,
      "root": true,
      "rootEmpty": true,
      "_timeout": 2000
    }
  ],
  "meta": {
    "mocha": {
      "version": "7.2.0"
    },
    "mochawesome": {
      "options": {
        "quiet": false,
        "reportFilename": "mochawesome",
        "saveHtml": false,
        "saveJson": true,
        "consoleReporter": "spec",
        "useInlineDiffs": false,
        "code": true
      },
      "version": "7.1.3"
    },
    "marge": {
      "options": {
        "reportDir": "cypress/reports/json",
        "overwrite": false,
        "html": false,
        "json": true,
        "inlineAssets": true
      },
      "version": "6.2.0"
    }
  }
}