{
  "stats": {
    "suites": 1,
    "tests": 1,
    "passes": 0,
    "pending": 0,
    "failures": 1,
    "start": "2025-06-18T20:29:21.855Z",
    "end": "2025-06-18T20:29:23.285Z",
    "duration": 1430,
    "testsRegistered": 1,
    "passPercent": 0,
    "pendingPercent": 0,
    "other": 0,
    "hasOther": false,
    "skipped": 0,
    "hasSkipped": false
  },
  "results": [
    {
      "uuid": "97ebf96a-327e-44fa-935a-2a06a6a892ba",
      "title": "",
      "fullFile": "cypress\\e2e\\api\\simulacao_contratos.cy.js",
      "file": "cypress\\e2e\\api\\simulacao_contratos.cy.js",
      "beforeHooks": [],
      "afterHooks": [],
      "tests": [],
      "suites": [
        {
          "uuid": "b681566e-81f0-42f9-af86-221aea60ff69",
          "title": "Simulação de Evolução de Contrato",
          "fullFile": "",
          "file": "",
          "beforeHooks": [],
          "afterHooks": [],
          "tests": [
            {
              "title": "",
              "fullTitle": "Simulação de Evolução de Contrato ",
              "timedOut": null,
              "duration": 1369,
              "state": "failed",
              "speed": null,
              "pass": false,
              "fail": true,
              "pending": false,
              "context": "{\n  \"title\": \"cypress-mochawesome-reporter-screenshots\",\n  \"value\": [\n    [\n      \"\\\\simulacao_contratos.cy.js\\\\Simulação de Evolução de Contrato --  (failed).png\"\n    ]\n  ]\n}",
              "code": "cy.request({\n  method: 'POST',\n  url: 'https://desenv.prognum.com.br/aejs/rest/w/wtela/SimulaEvolucaoContrato',\n  qs: {\n    sessionKey: '123456',\n    contexto: 'CORP_WEB',\n    userName: 'loginintegracao',\n    ambienteOperacional: '/u11/cashme/dados/ambiente_integracao'\n  },\n  headers: {\n    'Content-Type': 'application/json'\n  },\n  body: {\n    \"CADMUT_Financ_Plano\": 111,\n    \"CADMUT_Financ_Prazo\": 12,\n    \"CADMUT_Financ_DtAssin\": \"05/05/2025\",\n    \"CADMUT_Financ_DiaVenc\": 5,\n    \"CADMUT_Financ_TxJuros\": 14.0000000000,\n    \"CADMUT_Financ_ValAval\": 150000.00,\n    \"CADMUT_Financ_ValFinanc\": 110000.00,\n    \"IN_CalculaIOF\": \"T\",\n    \"IN_IOFnoFinanciamento\": \"T\",\n    \"IN_IOFAliquotaMaxima\": \"T\",\n    \"CADMUT_Financ_TTx\": 16,\n    \"CADMUT_Financ_TxAdm\": 25.00,\n    \"CADMUT_Financ_IndSegImv\": 0.000065000,\n    \"CADMUT_Financ_IndSegFin\": 0.000350000,\n    \"CADMUT_Cad2_CodApolice\": 1,\n    \"CADMUT_Cad4_CodApoliceDFI\": 1,\n    \"CADMUT_Financ3_SegReCalcSaldo\": \"T\",\n    \"CADMUT_Cad_TipoCtr\": 40,\n    \"CADMUT_Financ3_JuroEfetivo252\": \"F\",\n    \"CADMUT_Financ3_AmortizaSaldoComNPC0\": \"F\",\n    \"CADMUT_Financ3_JurProrata\": \"T\",\n    \"CADMUT_CAD6_COBRJURCAPPRST1\": \"F\",\n    \"CADMUT_CAD6_PRZCARAMORT\": 0,\n    \"CADMUT_CAD6_INCJURCARAMORT\": 1,\n    \"CADMUT_Cad_FisJur\": \"J\",\n    \"CADMUT_Financ3_NaoCobraSegUltPrst\": \"F\",\n    \"CADMUT_Financ2_SdRata\": 128\n  }\n}).then(response => {\n  expect(response.status).to.eq(200);\n  expect(response.body).to.have.property('GRIDEVOLUCAOTEORICA');\n  expect(response.body.GRIDEVOLUCAOTEORICA).to.be.an('array').and.have.length(13);\n  const primeiraParcela = response.body.GRIDEVOLUCAOTEORICA[0];\n  expect(primeiraParcela.PREPRZ).to.eq(\"000/012\");\n  expect(primeiraParcela.PRESTACAO).to.eq(\"73.99\");\n  const ultimaParcela = response.body.GRIDEVOLUCAOTEORICA[12];\n  expect(ultimaParcela.PREPRZ).to.eq(\"010/012\");\n  expect(ultimaParcela.SALDODEV).to.eq(\"0\");\n  expect(response.body).to.have.property('VA_IOF', '2107.62');\n});",
              "err": {
                "message": "AssertionError: expected '012/012' to equal '010/012'",
                "estack": "AssertionError: expected '012/012' to equal '010/012'\n    at Context.eval (webpack:///./cypress/e2e/api/simulacao_contratos.cy.js:54:38)\n    at getRet (http://localhost:60264/__cypress/runner/cypress_runner.js:120941:20)\n    at tryCatcher (http://localhost:60264/__cypress/runner/cypress_runner.js:1777:23)\n    at Promise.attempt.Promise.try (http://localhost:60264/__cypress/runner/cypress_runner.js:4285:29)\n    at Context.thenFn (http://localhost:60264/__cypress/runner/cypress_runner.js:120952:66)\n    at Context.then (http://localhost:60264/__cypress/runner/cypress_runner.js:121203:21)",
                "diff": "- '012/012'\n+ '010/012'\n"
              },
              "uuid": "f2d43d80-81b0-42fc-b546-614939bfc4c6",
              "parentUUID": "b681566e-81f0-42f9-af86-221aea60ff69",
              "isHook": false,
              "skipped": false
            }
          ],
          "suites": [],
          "passes": [],
          "failures": [
            "f2d43d80-81b0-42fc-b546-614939bfc4c6"
          ],
          "pending": [],
          "skipped": [],
          "duration": 1369,
          "root": false,
          "rootEmpty": false,
          "_timeout": 2000
        }
      ],
      "passes": [],
      "failures": [],
      "pending": [],
      "skipped": [],
      "duration": 0,
      "root": true,
      "rootEmpty": true,
      "_timeout": 2000
    }
  ],
  "meta": {
    "mocha": {
      "version": "7.2.0"
    },
    "mochawesome": {
      "options": {
        "quiet": false,
        "reportFilename": "mochawesome",
        "saveHtml": false,
        "saveJson": true,
        "consoleReporter": "spec",
        "useInlineDiffs": false,
        "code": true
      },
      "version": "7.1.3"
    },
    "marge": {
      "options": {
        "reportDir": "cypress/reports/json",
        "overwrite": true,
        "html": false,
        "json": true,
        "inlineAssets": true
      },
      "version": "6.2.0"
    }
  }
}