{
  "stats": {
    "suites": 2,
    "tests": 2,
    "passes": 0,
    "pending": 0,
    "failures": 2,
    "testsRegistered": 2,
    "passPercent": 0,
    "pendingPercent": 0,
    "other": 0,
    "hasOther": false,
    "skipped": 0,
    "hasSkipped": false,
    "start": "2025-07-01T21:54:08.137Z",
    "end": "2025-07-01T21:54:31.387Z",
    "duration": 23250
  },
  "results": [
    {
      "uuid": "eee394cf-3509-4800-a35c-93efcc03fdaa",
      "title": "",
      "fullFile": "cypress\\e2e\\api\\simulacao_contratos.cy.js",
      "file": "cypress\\e2e\\api\\simulacao_contratos.cy.js",
      "beforeHooks": [],
      "afterHooks": [],
      "tests": [],
      "suites": [
        {
          "uuid": "fdc56b3d-045b-44cb-ba53-80dca58398b9",
          "title": "Simulação de Evolução de Contrato",
          "fullFile": "",
          "file": "",
          "beforeHooks": [],
          "afterHooks": [],
          "tests": [
            {
              "title": "Valida retorno completo da API simulando contrato",
              "fullTitle": "Simulação de Evolução de Contrato Valida retorno completo da API simulando contrato",
              "timedOut": null,
              "duration": 567,
              "state": "failed",
              "speed": null,
              "pass": false,
              "fail": true,
              "pending": false,
              "context": "{\n  \"title\": \"cypress-mochawesome-reporter-screenshots\",\n  \"value\": [\n    [\n      \"\\\\simulacao_contratos.cy.js\\\\Simulação de Evolução de Contrato -- Valida retorno completo da API simulando contrato (failed).png\"\n    ]\n  ]\n}",
              "code": "let erros = [];\ncy.request({\n  method: 'POST',\n  url: 'https://desenv.prognum.com.br/aejs/rest/w/wtela/SimulaEvolucaoContrato',\n  qs: {\n    sessionKey: '123456',\n    contexto: 'CORP_WEB',\n    userName: 'loginintegracao',\n    ambienteOperacional: '/u11/cashme/dados/ambiente_integracao'\n  },\n  headers: {\n    'Content-Type': 'application/json'\n  },\n  body: {\n    \"CADMUT_Financ_Plano\": 111,\n    \"CADMUT_Financ_Prazo\": 12,\n    \"CADMUT_Financ_DtAssin\": \"05/05/2025\",\n    \"CADMUT_Financ_DiaVenc\": 5,\n    \"CADMUT_Financ_TxJuros\": 14.0000000000,\n    \"CADMUT_Financ_ValAval\": 150000.00,\n    \"CADMUT_Financ_ValFinanc\": 110000.00,\n    \"IN_CalculaIOF\": \"T\",\n    \"IN_IOFnoFinanciamento\": \"T\",\n    \"IN_IOFAliquotaMaxima\": \"T\",\n    \"CADMUT_Financ_TTx\": 16,\n    \"CADMUT_Financ_TxAdm\": 25.00,\n    \"CADMUT_Financ_IndSegImv\": 0.000065000,\n    \"CADMUT_Financ_IndSegFin\": 0.000350000,\n    \"CADMUT_Cad2_CodApolice\": 1,\n    \"CADMUT_Cad4_CodApoliceDFI\": 1,\n    \"CADMUT_Financ3_SegReCalcSaldo\": \"T\",\n    \"CADMUT_Cad_TipoCtr\": 40,\n    \"CADMUT_Financ3_JuroEfetivo252\": \"F\",\n    \"CADMUT_Financ3_AmortizaSaldoComNPC0\": \"F\",\n    \"CADMUT_Financ3_JurProrata\": \"T\",\n    \"CADMUT_CAD6_COBRJURCAPPRST1\": \"F\",\n    \"CADMUT_CAD6_PRZCARAMORT\": 0,\n    \"CADMUT_CAD6_INCJURCARAMORT\": 1,\n    \"CADMUT_Cad_FisJur\": \"J\",\n    \"CADMUT_Financ3_NaoCobraSegUltPrst\": \"F\",\n    \"CADMUT_Financ2_SdRata\": 128\n  }\n}).then(response => {\n  if (response.status !== 200) {\n    erros.push(`Status code esperado 200, mas veio ${response.status}`);\n  }\n  if (!response.body.hasOwnProperty('GRIDEVOLUCAOTEORICA')) {\n    erros.push(\"Propriedade 'GRIDEVOLUCAOTEORICA' ausente no body.\");\n  } else {\n    if (!Array.isArray(response.body.GRIDEVOLUCAOTEORICA) || response.body.GRIDEVOLUCAOTEORICA.length !== 13) {\n      erros.push(`GRIDEVOLUCAOTEORICA deve ser array de 13 elementos, veio ${response.body.GRIDEVOLUCAOTEORICA.length}`);\n    } else {\n      const primeiraParcela = response.body.GRIDEVOLUCAOTEORICA[0];\n      const ultimaParcela = response.body.GRIDEVOLUCAOTEORICA[12];\n      if (primeiraParcela.PREPRZ !== \"000/012\") {\n        erros.push(`PREPRZ da 1ª parcela esperado '000/012', veio '${primeiraParcela.PREPRZ}'`);\n      }\n      if (primeiraParcela.PRESTACAO !== \"73.90\") {\n        erros.push(`PRESTACAO da 1ª parcela esperado '73.99', veio '${primeiraParcela.PRESTACAO}'`);\n      }\n      if (ultimaParcela.PREPRZ !== \"010/012\") {\n        erros.push(`PREPRZ da última parcela esperado '012/012', veio '${ultimaParcela.PREPRZ}'`);\n      }\n      if (ultimaParcela.SALDODEV !== \"0\") {\n        erros.push(`SALDODEV da última parcela esperado '0', veio '${ultimaParcela.SALDODEV}'`);\n      }\n    }\n  }\n  if (response.body.VA_IOF !== '2107.62') {\n    erros.push(`Valor de VA_IOF esperado '2107.62', veio '${response.body.VA_IOF}'`);\n  }\n}).then(() => {\n  if (erros.length > 0) {\n    cy.log('Erros encontrados:');\n    erros.forEach(erro => cy.log(erro));\n    throw new Error(erros.join('\\n'));\n  } else {\n    cy.log('Todas as validações passaram.');\n  }\n});",
              "err": {
                "message": "Error: PRESTACAO da 1ª parcela esperado '73.99', veio '73.99'\nPREPRZ da última parcela esperado '012/012', veio '012/012'",
                "estack": "Error: PRESTACAO da 1ª parcela esperado '73.99', veio '73.99'\nPREPRZ da última parcela esperado '012/012', veio '012/012'\n    at Context.eval (webpack:///./cypress/e2e/api/simulacao_contratos.cy.js:85:14)\n    at getRet (http://localhost:63921/__cypress/runner/cypress_runner.js:120941:20)\n    at tryCatcher (http://localhost:63921/__cypress/runner/cypress_runner.js:1777:23)\n    at Promise.attempt.Promise.try (http://localhost:63921/__cypress/runner/cypress_runner.js:4285:29)\n    at Context.thenFn (http://localhost:63921/__cypress/runner/cypress_runner.js:120952:66)\n    at Context.then (http://localhost:63921/__cypress/runner/cypress_runner.js:121203:21)\n    at wrapped (http://localhost:63921/__cypress/runner/cypress_runner.js:141524:19)\n    at <unknown> (http://localhost:63921/__cypress/runner/cypress_runner.js:147469:15)\n    at tryCatcher (http://localhost:63921/__cypress/runner/cypress_runner.js:1777:23)",
                "diff": null
              },
              "uuid": "a44c62c5-7da2-41b9-80d0-1f5e1f77e8b7",
              "parentUUID": "fdc56b3d-045b-44cb-ba53-80dca58398b9",
              "isHook": false,
              "skipped": false
            }
          ],
          "suites": [],
          "passes": [],
          "failures": [
            "a44c62c5-7da2-41b9-80d0-1f5e1f77e8b7"
          ],
          "pending": [],
          "skipped": [],
          "duration": 567,
          "root": false,
          "rootEmpty": false,
          "_timeout": 2000
        }
      ],
      "passes": [],
      "failures": [],
      "pending": [],
      "skipped": [],
      "duration": 0,
      "root": true,
      "rootEmpty": true,
      "_timeout": 2000
    },
    {
      "uuid": "593312b4-33a4-489b-9af6-d1211163cb0c",
      "title": "",
      "fullFile": "cypress\\e2e\\nav\\validar_supertela.cy.js",
      "file": "cypress\\e2e\\nav\\validar_supertela.cy.js",
      "beforeHooks": [],
      "afterHooks": [],
      "tests": [],
      "suites": [
        {
          "uuid": "165f4439-1500-4bce-9fd5-e879b3aae509",
          "title": "Validar Campos da Super Tela [CashMe]",
          "fullFile": "",
          "file": "",
          "beforeHooks": [],
          "afterHooks": [],
          "tests": [
            {
              "title": "",
              "fullTitle": "Validar Campos da Super Tela [CashMe] ",
              "timedOut": null,
              "duration": 11819,
              "state": "failed",
              "speed": null,
              "pass": false,
              "fail": true,
              "pending": false,
              "context": "{\n  \"title\": \"cypress-mochawesome-reporter-screenshots\",\n  \"value\": [\n    [\n      \"\\\\validar_supertela.cy.js\\\\Validar Campos da Super Tela [CashMe] --  (failed).png\"\n    ]\n  ]\n}",
              "code": "executaLoginSupervisor('/u11/cashme/dados');\nacessaContrato();\nvalidaCamposHeader();",
              "err": {
                "message": "AssertionError: Timed out retrying after 4000ms: expected '<input#aejs-combobox-1245-inputEl.x-form-field.x-form-text.x-form-text-default.>' to have value '001-CASHME SOLUCOES FINANCEIRAS S.A.', but the value was '001-NOME_1'",
                "estack": "AssertionError: Timed out retrying after 4000ms: expected '<input#aejs-combobox-1245-inputEl.x-form-field.x-form-text.x-form-text-default.>' to have value '001-CASHME SOLUCOES FINANCEIRAS S.A.', but the value was '001-NOME_1'\n    at validaCamposHeader (webpack:///./cypress/e2e/nav/validar_supertela.cy.js:30:44)\n    at Context.eval (webpack:///./cypress/e2e/nav/validar_supertela.cy.js:43:4)",
                "diff": "- '001-NOME_1'\n+ '001-CASHME SOLUCOES FINANCEIRAS S.A.'\n"
              },
              "uuid": "3caec0f4-3741-40c4-b62d-23dafaf16207",
              "parentUUID": "165f4439-1500-4bce-9fd5-e879b3aae509",
              "isHook": false,
              "skipped": false
            }
          ],
          "suites": [],
          "passes": [],
          "failures": [
            "3caec0f4-3741-40c4-b62d-23dafaf16207"
          ],
          "pending": [],
          "skipped": [],
          "duration": 11819,
          "root": false,
          "rootEmpty": false,
          "_timeout": 2000
        }
      ],
      "passes": [],
      "failures": [],
      "pending": [],
      "skipped": [],
      "duration": 0,
      "root": true,
      "rootEmpty": true,
      "_timeout": 2000
    }
  ],
  "meta": {
    "mocha": {
      "version": "7.2.0"
    },
    "mochawesome": {
      "options": {
        "quiet": false,
        "reportFilename": "mochawesome",
        "saveHtml": false,
        "saveJson": true,
        "consoleReporter": "spec",
        "useInlineDiffs": false,
        "code": true
      },
      "version": "7.1.3"
    },
    "marge": {
      "options": {
        "reportDir": "cypress/reports/json",
        "overwrite": false,
        "html": false,
        "json": true,
        "inlineAssets": true
      },
      "version": "6.2.0"
    }
  }
}