{
  "stats": {
    "suites": 1,
    "tests": 1,
    "passes": 0,
    "pending": 0,
    "failures": 1,
    "start": "2025-07-01T21:56:11.468Z",
    "end": "2025-07-01T21:56:24.615Z",
    "duration": 13147,
    "testsRegistered": 1,
    "passPercent": 0,
    "pendingPercent": 0,
    "other": 0,
    "hasOther": false,
    "skipped": 0,
    "hasSkipped": false
  },
  "results": [
    {
      "uuid": "8976551a-d13e-4d01-bd42-4c5b3bce3e5e",
      "title": "",
      "fullFile": "cypress\\e2e\\nav\\validar_supertela.cy.js",
      "file": "cypress\\e2e\\nav\\validar_supertela.cy.js",
      "beforeHooks": [],
      "afterHooks": [],
      "tests": [],
      "suites": [
        {
          "uuid": "5c2a6113-0e0d-4d49-9a5b-7556e234bfcd",
          "title": "Validar Campos da Super Tela [CashMe]",
          "fullFile": "",
          "file": "",
          "beforeHooks": [],
          "afterHooks": [],
          "tests": [
            {
              "title": "",
              "fullTitle": "Validar Campos da Super Tela [CashMe] ",
              "timedOut": null,
              "duration": 11156,
              "state": "failed",
              "speed": null,
              "pass": false,
              "fail": true,
              "pending": false,
              "context": "{\n  \"title\": \"cypress-mochawesome-reporter-screenshots\",\n  \"value\": [\n    [\n      \"\\\\validar_supertela.cy.js\\\\Validar Campos da Super Tela [CashMe] --  (failed).png\"\n    ]\n  ]\n}",
              "code": "executaLoginSupervisor('/u11/cashme/dados');\nacessaContrato();\nvalidaCamposHeader();",
              "err": {
                "message": "AssertionError: Timed out retrying after 4000ms: expected '<input#aejs-combobox-1245-inputEl.x-form-field.x-form-text.x-form-text-default.>' to have value '001-CASHME SOLUCOES FINANCEIRAS S.A.', but the value was '001-NOME_1'",
                "estack": "AssertionError: Timed out retrying after 4000ms: expected '<input#aejs-combobox-1245-inputEl.x-form-field.x-form-text.x-form-text-default.>' to have value '001-CASHME SOLUCOES FINANCEIRAS S.A.', but the value was '001-NOME_1'\n    at validaCamposHeader (webpack:///./cypress/e2e/nav/validar_supertela.cy.js:30:44)\n    at Context.eval (webpack:///./cypress/e2e/nav/validar_supertela.cy.js:43:4)",
                "diff": "- '001-NOME_1'\n+ '001-CASHME SOLUCOES FINANCEIRAS S.A.'\n"
              },
              "uuid": "5e48d5b7-4e95-4134-a742-2efdee17f912",
              "parentUUID": "5c2a6113-0e0d-4d49-9a5b-7556e234bfcd",
              "isHook": false,
              "skipped": false
            }
          ],
          "suites": [],
          "passes": [],
          "failures": [
            "5e48d5b7-4e95-4134-a742-2efdee17f912"
          ],
          "pending": [],
          "skipped": [],
          "duration": 11156,
          "root": false,
          "rootEmpty": false,
          "_timeout": 2000
        }
      ],
      "passes": [],
      "failures": [],
      "pending": [],
      "skipped": [],
      "duration": 0,
      "root": true,
      "rootEmpty": true,
      "_timeout": 2000
    }
  ],
  "meta": {
    "mocha": {
      "version": "7.2.0"
    },
    "mochawesome": {
      "options": {
        "quiet": false,
        "reportFilename": "mochawesome",
        "saveHtml": false,
        "saveJson": true,
        "consoleReporter": "spec",
        "useInlineDiffs": false,
        "code": true
      },
      "version": "7.1.3"
    },
    "marge": {
      "options": {
        "reportDir": "cypress/reports/json",
        "overwrite": false,
        "html": false,
        "json": true,
        "inlineAssets": true
      },
      "version": "6.2.0"
    }
  }
}