{
  "stats": {
    "suites": 1,
    "tests": 1,
    "passes": 0,
    "pending": 0,
    "failures": 1,
    "start": "2025-07-01T21:50:38.864Z",
    "end": "2025-07-01T21:50:39.270Z",
    "duration": 406,
    "testsRegistered": 1,
    "passPercent": 0,
    "pendingPercent": 0,
    "other": 0,
    "hasOther": false,
    "skipped": 0,
    "hasSkipped": false
  },
  "results": [
    {
      "uuid": "61cbdf60-0eb6-4019-a2dc-9bdf30225498",
      "title": "",
      "fullFile": "cypress\\e2e\\nav\\validar_supertela.cy.js",
      "file": "cypress\\e2e\\nav\\validar_supertela.cy.js",
      "beforeHooks": [],
      "afterHooks": [],
      "tests": [],
      "suites": [
        {
          "uuid": "b374e8ca-a9a1-4301-b05b-13b34655a7f8",
          "title": "Validar Campos da Super Tela [CashMe]",
          "fullFile": "",
          "file": "",
          "beforeHooks": [],
          "afterHooks": [],
          "tests": [
            {
              "title": "",
              "fullTitle": "Validar Campos da Super Tela [CashMe] ",
              "timedOut": null,
              "duration": 340,
              "state": "failed",
              "speed": null,
              "pass": false,
              "fail": true,
              "pending": false,
              "context": "{\n  \"title\": \"cypress-mochawesome-reporter-screenshots\",\n  \"value\": [\n    [\n      \"\\\\validar_supertela.cy.js\\\\Validar Campos da Super Tela [CashMe] --  (failed).png\"\n    ]\n  ]\n}",
              "code": "executaLoginSupervisor('/u11/cashme/dados');\nacessaContrato();\nvalidaCamposHeader();",
              "err": {
                "message": "CypressError: `cy.visit()` failed trying to load:\n\nhttp://10.3.98.108/aejs/\n\nThe response we received from your web server was:\n\n  > 403: Forbidden\n\nThis was considered a failure because the status code was not `2xx`.\n\nIf you do not want status codes to cause failures pass the option: `failOnStatusCode: false`",
                "estack": "CypressError: `cy.visit()` failed trying to load:\n\nhttp://10.3.98.108/aejs/\n\nThe response we received from your web server was:\n\n  > 403: Forbidden\n\nThis was considered a failure because the status code was not `2xx`.\n\nIf you do not want status codes to cause failures pass the option: `failOnStatusCode: false`\n    at <unknown> (http://localhost:63887/__cypress/runner/cypress_runner.js:135035:76)\n    at visitFailedByErr (http://localhost:63887/__cypress/runner/cypress_runner.js:134441:12)\n    at <unknown> (http://localhost:63887/__cypress/runner/cypress_runner.js:135018:13)\n    at tryCatcher (http://localhost:63887/__cypress/runner/cypress_runner.js:1777:23)\n    at Promise._settlePromiseFromHandler (http://localhost:63887/__cypress/runner/cypress_runner.js:1489:31)\n    at Promise._settlePromise (http://localhost:63887/__cypress/runner/cypress_runner.js:1546:18)\n    at Promise._settlePromise0 (http://localhost:63887/__cypress/runner/cypress_runner.js:1591:10)\n    at Promise._settlePromises (http://localhost:63887/__cypress/runner/cypress_runner.js:1667:18)\n    at _drainQueueStep (http://localhost:63887/__cypress/runner/cypress_runner.js:2377:12)\n    at _drainQueue (http://localhost:63887/__cypress/runner/cypress_runner.js:2370:9)\n    at Async._drainQueues (http://localhost:63887/__cypress/runner/cypress_runner.js:2386:5)\n    at Async.drainQueues (http://localhost:63887/__cypress/runner/cypress_runner.js:2256:14)\nFrom Your Spec Code:\n    at executaLoginSupervisor (webpack:///./cypress/e2e/nav/validar_supertela.cy.js:5:5)\n    at Context.eval (webpack:///./cypress/e2e/nav/validar_supertela.cy.js:41:4)",
                "diff": null
              },
              "uuid": "0b44e98d-a683-4780-960c-3658d27a3339",
              "parentUUID": "b374e8ca-a9a1-4301-b05b-13b34655a7f8",
              "isHook": false,
              "skipped": false
            }
          ],
          "suites": [],
          "passes": [],
          "failures": [
            "0b44e98d-a683-4780-960c-3658d27a3339"
          ],
          "pending": [],
          "skipped": [],
          "duration": 340,
          "root": false,
          "rootEmpty": false,
          "_timeout": 2000
        }
      ],
      "passes": [],
      "failures": [],
      "pending": [],
      "skipped": [],
      "duration": 0,
      "root": true,
      "rootEmpty": true,
      "_timeout": 2000
    }
  ],
  "meta": {
    "mocha": {
      "version": "7.2.0"
    },
    "mochawesome": {
      "options": {
        "quiet": false,
        "reportFilename": "mochawesome",
        "saveHtml": false,
        "saveJson": true,
        "consoleReporter": "spec",
        "useInlineDiffs": false,
        "code": true
      },
      "version": "7.1.3"
    },
    "marge": {
      "options": {
        "reportDir": "cypress/reports/json",
        "overwrite": false,
        "html": false,
        "json": true,
        "inlineAssets": true
      },
      "version": "6.2.0"
    }
  }
}