{
  "stats": {
    "suites": 1,
    "tests": 1,
    "passes": 0,
    "pending": 0,
    "failures": 1,
    "start": "2025-07-01T22:01:24.528Z",
    "end": "2025-07-01T22:01:41.162Z",
    "duration": 16634,
    "testsRegistered": 1,
    "passPercent": 0,
    "pendingPercent": 0,
    "other": 0,
    "hasOther": false,
    "skipped": 0,
    "hasSkipped": false
  },
  "results": [
    {
      "uuid": "a5f7250c-1874-4512-94dd-5e862c0759b1",
      "title": "",
      "fullFile": "cypress\\e2e\\nav\\validar_supertela.cy.js",
      "file": "cypress\\e2e\\nav\\validar_supertela.cy.js",
      "beforeHooks": [],
      "afterHooks": [],
      "tests": [],
      "suites": [
        {
          "uuid": "c500ef18-e635-4be4-908e-10c395474b96",
          "title": "Validar Campos da Super Tela [CashMe]",
          "fullFile": "",
          "file": "",
          "beforeHooks": [],
          "afterHooks": [],
          "tests": [
            {
              "title": "",
              "fullTitle": "Validar Campos da Super Tela [CashMe] ",
              "timedOut": null,
              "duration": 14619,
              "state": "failed",
              "speed": null,
              "pass": false,
              "fail": true,
              "pending": false,
              "context": "{\n  \"title\": \"cypress-mochawesome-reporter-screenshots\",\n  \"value\": [\n    [\n      \"\\\\validar_supertela.cy.js\\\\Validar Campos da Super Tela [CashMe] --  (failed).png\"\n    ]\n  ]\n}",
              "code": "executaLoginSupervisor('/u11/cashme/dados');\nacessaContrato();\nvalidaCamposHeader();",
              "err": {
                "message": "AssertionError: Timed out retrying after 4000ms: expected '<input#aejs-combobox-1245-inputEl.x-form-field.x-form-text.x-form-text-default.>' to have value '001-CASHME SOLUCOES FINANCEIRAS S.A.', but the value was '001-NOME_1'",
                "estack": "AssertionError: Timed out retrying after 4000ms: expected '<input#aejs-combobox-1245-inputEl.x-form-field.x-form-text.x-form-text-default.>' to have value '001-CASHME SOLUCOES FINANCEIRAS S.A.', but the value was '001-NOME_1'\n    at validaCamposHeader (webpack:///./cypress/e2e/nav/validar_supertela.cy.js:30:44)\n    at Context.eval (webpack:///./cypress/e2e/nav/validar_supertela.cy.js:43:4)",
                "diff": "- '001-NOME_1'\n+ '001-CASHME SOLUCOES FINANCEIRAS S.A.'\n"
              },
              "uuid": "699cd12d-bed0-473b-abc8-be80bf8bcb85",
              "parentUUID": "c500ef18-e635-4be4-908e-10c395474b96",
              "isHook": false,
              "skipped": false
            }
          ],
          "suites": [],
          "passes": [],
          "failures": [
            "699cd12d-bed0-473b-abc8-be80bf8bcb85"
          ],
          "pending": [],
          "skipped": [],
          "duration": 14619,
          "root": false,
          "rootEmpty": false,
          "_timeout": 2000
        }
      ],
      "passes": [],
      "failures": [],
      "pending": [],
      "skipped": [],
      "duration": 0,
      "root": true,
      "rootEmpty": true,
      "_timeout": 2000
    }
  ],
  "meta": {
    "mocha": {
      "version": "7.2.0"
    },
    "mochawesome": {
      "options": {
        "quiet": false,
        "reportFilename": "mochawesome",
        "saveHtml": false,
        "saveJson": true,
        "consoleReporter": "spec",
        "useInlineDiffs": false,
        "code": true
      },
      "version": "7.1.3"
    },
    "marge": {
      "options": {
        "reportDir": "cypress/reports/json",
        "overwrite": false,
        "html": false,
        "json": true,
        "inlineAssets": true
      },
      "version": "6.2.0"
    }
  }
}