{
  "stats": {
    "suites": 1,
    "tests": 1,
    "passes": 1,
    "pending": 0,
    "failures": 0,
    "start": "2025-07-10T19:52:45.934Z",
    "end": "2025-07-10T19:52:46.217Z",
    "duration": 283,
    "testsRegistered": 1,
    "passPercent": 100,
    "pendingPercent": 0,
    "other": 0,
    "hasOther": false,
    "skipped": 0,
    "hasSkipped": false
  },
  "results": [
    {
      "uuid": "503096a2-9234-43f6-8ae8-1ac8eab59ec3",
      "title": "",
      "fullFile": "cypress\\e2e\\pdf\\saldo_projetado.cy.js",
      "file": "cypress\\e2e\\pdf\\saldo_projetado.cy.js",
      "beforeHooks": [],
      "afterHooks": [],
      "tests": [],
      "suites": [
        {
          "uuid": "734d720c-40cc-40a9-a6ef-618a9747a047",
          "title": "CashMe | Planilha de Saldo Projetado",
          "fullFile": "",
          "file": "",
          "beforeHooks": [],
          "afterHooks": [],
          "tests": [
            {
              "title": "",
              "fullTitle": "CashMe | Planilha de Saldo Projetado ",
              "timedOut": null,
              "duration": 219,
              "state": "passed",
              "speed": "fast",
              "pass": true,
              "fail": false,
              "pending": false,
              "context": null,
              "code": "const filePath = 'cypress/e2e/pdf/planilha_saldo_projetado.xls';\ncy.readExcelCell(filePath, 'D6').then(valor => {\n  expect(valor).to.equal('Adquirente_00000000002801');\n});\ncy.readExcelCell(filePath, 'B18').then(valor => {\n  expect(valor).to.equal('VALOR DA INCORPORAÇÃO  :   5.226,66');\n});",
              "err": {},
              "uuid": "71d9842e-261e-462e-9f0c-7ba220f78480",
              "parentUUID": "734d720c-40cc-40a9-a6ef-618a9747a047",
              "isHook": false,
              "skipped": false
            }
          ],
          "suites": [],
          "passes": [
            "71d9842e-261e-462e-9f0c-7ba220f78480"
          ],
          "failures": [],
          "pending": [],
          "skipped": [],
          "duration": 219,
          "root": false,
          "rootEmpty": false,
          "_timeout": 2000
        }
      ],
      "passes": [],
      "failures": [],
      "pending": [],
      "skipped": [],
      "duration": 0,
      "root": true,
      "rootEmpty": true,
      "_timeout": 2000
    }
  ],
  "meta": {
    "mocha": {
      "version": "7.2.0"
    },
    "mochawesome": {
      "options": {
        "quiet": false,
        "reportFilename": "mochawesome",
        "saveHtml": false,
        "saveJson": true,
        "consoleReporter": "spec",
        "useInlineDiffs": false,
        "code": true
      },
      "version": "7.1.3"
    },
    "marge": {
      "options": {
        "reportDir": "cypress/reports/json",
        "overwrite": false,
        "html": false,
        "json": true,
        "inlineAssets": true
      },
      "version": "6.2.0"
    }
  }
}