{
  "stats": {
    "suites": 1,
    "tests": 1,
    "passes": 1,
    "pending": 0,
    "failures": 0,
    "start": "2025-07-10T21:17:38.110Z",
    "end": "2025-07-10T21:17:38.731Z",
    "duration": 621,
    "testsRegistered": 1,
    "passPercent": 100,
    "pendingPercent": 0,
    "other": 0,
    "hasOther": false,
    "skipped": 0,
    "hasSkipped": false
  },
  "results": [
    {
      "uuid": "9248d8dd-db33-42a3-acad-d1a8ed3d0faf",
      "title": "",
      "fullFile": "cypress\\e2e\\pdf\\saldo_projetado.cy.js",
      "file": "cypress\\e2e\\pdf\\saldo_projetado.cy.js",
      "beforeHooks": [],
      "afterHooks": [],
      "tests": [],
      "suites": [
        {
          "uuid": "0a8c121a-e3fe-46f0-8259-225e7d5462f0",
          "title": "CashMe | Planilha de Saldo Projetado",
          "fullFile": "",
          "file": "",
          "beforeHooks": [],
          "afterHooks": [],
          "tests": [
            {
              "title": "",
              "fullTitle": "CashMe | Planilha de Saldo Projetado ",
              "timedOut": null,
              "duration": 513,
              "state": "passed",
              "speed": "fast",
              "pass": true,
              "fail": false,
              "pending": false,
              "context": null,
              "code": "const filePath = 'cypress/e2e/pdf/planilha_saldo_projetado.xls';\ncy.readExcelCell(filePath, 'D6').then(valor => {\n  expect(valor).to.equal('Adquirente_00000000002801');\n});\ncy.readExcelCell(filePath, 'B18').then(valor => {\n  expect(valor).to.equal('VALOR DA INCORPORAÇÃO  :   5.226,66');\n});",
              "err": {},
              "uuid": "d3494fb3-6b75-4d72-8e4e-717ceb29efc5",
              "parentUUID": "0a8c121a-e3fe-46f0-8259-225e7d5462f0",
              "isHook": false,
              "skipped": false
            }
          ],
          "suites": [],
          "passes": [
            "d3494fb3-6b75-4d72-8e4e-717ceb29efc5"
          ],
          "failures": [],
          "pending": [],
          "skipped": [],
          "duration": 513,
          "root": false,
          "rootEmpty": false,
          "_timeout": 2000
        }
      ],
      "passes": [],
      "failures": [],
      "pending": [],
      "skipped": [],
      "duration": 0,
      "root": true,
      "rootEmpty": true,
      "_timeout": 2000
    }
  ],
  "meta": {
    "mocha": {
      "version": "7.2.0"
    },
    "mochawesome": {
      "options": {
        "quiet": false,
        "reportFilename": "mochawesome",
        "saveHtml": false,
        "saveJson": true,
        "consoleReporter": "spec",
        "useInlineDiffs": false,
        "code": true
      },
      "version": "7.1.3"
    },
    "marge": {
      "options": {
        "reportDir": "cypress/reports/json",
        "overwrite": false,
        "html": false,
        "json": true,
        "inlineAssets": true
      },
      "version": "6.2.0"
    }
  }
}