{
  "stats": {
    "suites": 1,
    "tests": 1,
    "passes": 0,
    "pending": 0,
    "failures": 1,
    "start": "2025-07-10T19:50:57.232Z",
    "end": "2025-07-10T19:50:57.943Z",
    "duration": 711,
    "testsRegistered": 1,
    "passPercent": 0,
    "pendingPercent": 0,
    "other": 0,
    "hasOther": false,
    "skipped": 0,
    "hasSkipped": false
  },
  "results": [
    {
      "uuid": "ef01fc7b-3e15-43e5-8e3d-cfe0a9a78fbd",
      "title": "",
      "fullFile": "cypress\\e2e\\api\\simulacao_contratos_erro.cy.js",
      "file": "cypress\\e2e\\api\\simulacao_contratos_erro.cy.js",
      "beforeHooks": [],
      "afterHooks": [],
      "tests": [],
      "suites": [
        {
          "uuid": "c91ac28a-a550-4b69-a2e8-5e8d49a27356",
          "title": "CashMe | Simulação de Evolução de Contrato",
          "fullFile": "",
          "file": "",
          "beforeHooks": [],
          "afterHooks": [],
          "tests": [
            {
              "title": "",
              "fullTitle": "CashMe | Simulação de Evolução de Contrato ",
              "timedOut": null,
              "duration": 624,
              "state": "failed",
              "speed": null,
              "pass": false,
              "fail": true,
              "pending": false,
              "context": "{\n  \"title\": \"cypress-mochawesome-reporter-screenshots\",\n  \"value\": [\n    [\n      \"\\\\simulacao_contratos_erro.cy.js\\\\CashMe  Simulação de Evolução de Contrato --  (failed).png\"\n    ]\n  ]\n}",
              "code": "cy.request({\n  method: 'POST',\n  url,\n  qs: queryParams,\n  headers,\n  body: requestBody,\n  failOnStatusCode: false\n}).then(response => {\n  cy.softAssert(response.status === 200, `Status esperado 200, veio ${response.status}`);\n  const body = response.body;\n  const temGrid = body.hasOwnProperty('GRIDEVOLUCAOTEORICA');\n  cy.softAssert(temGrid, `Propriedade 'GRIDEVOLUCAOTEORICA' ausente no body.`);\n  if (temGrid) {\n    validarGridEvolucaoTeorica(body.GRIDEVOLUCAOTEORICA);\n  }\n  cy.softAssert(body.VA_IOF === '2107.61', `Valor de VA_IOF esperado '2107.61', veio '${body.VA_IOF}'`);\n}).then(() => {\n  cy.checkSoftAsserts();\n});",
              "err": {
                "message": "Error: Erro(s) encontrado(s):\nPRESTACAO da 1ª parcela esperado '73.98', veio '73.99'\nSALDODEV da última parcela esperado '0.01', veio '0'\nValor de VA_IOF esperado '2107.61', veio '2107.62'",
                "estack": "Error: Erro(s) encontrado(s):\nPRESTACAO da 1ª parcela esperado '73.98', veio '73.99'\nSALDODEV da última parcela esperado '0.01', veio '0'\nValor de VA_IOF esperado '2107.61', veio '2107.62'\n    at Context.eval (webpack:///./cypress/support/commands.js:14:12)\n    at getRet (http://localhost:62394/__cypress/runner/cypress_runner.js:120949:20)\n    at tryCatcher (http://localhost:62394/__cypress/runner/cypress_runner.js:1777:23)\n    at Promise.attempt.Promise.try (http://localhost:62394/__cypress/runner/cypress_runner.js:4285:29)\n    at Context.thenFn (http://localhost:62394/__cypress/runner/cypress_runner.js:120960:66)\n    at Context.then (http://localhost:62394/__cypress/runner/cypress_runner.js:121211:21)\n    at wrapped (http://localhost:62394/__cypress/runner/cypress_runner.js:141532:19)\n    at <unknown> (http://localhost:62394/__cypress/runner/cypress_runner.js:147477:15)\n    at tryCatcher (http://localhost:62394/__cypress/runner/cypress_runner.js:1777:23)",
                "diff": null
              },
              "uuid": "969e33e2-0714-456b-b835-f3be329eff8c",
              "parentUUID": "c91ac28a-a550-4b69-a2e8-5e8d49a27356",
              "isHook": false,
              "skipped": false
            }
          ],
          "suites": [],
          "passes": [],
          "failures": [
            "969e33e2-0714-456b-b835-f3be329eff8c"
          ],
          "pending": [],
          "skipped": [],
          "duration": 624,
          "root": false,
          "rootEmpty": false,
          "_timeout": 2000
        }
      ],
      "passes": [],
      "failures": [],
      "pending": [],
      "skipped": [],
      "duration": 0,
      "root": true,
      "rootEmpty": true,
      "_timeout": 2000
    }
  ],
  "meta": {
    "mocha": {
      "version": "7.2.0"
    },
    "mochawesome": {
      "options": {
        "quiet": false,
        "reportFilename": "mochawesome",
        "saveHtml": false,
        "saveJson": true,
        "consoleReporter": "spec",
        "useInlineDiffs": false,
        "code": true
      },
      "version": "7.1.3"
    },
    "marge": {
      "options": {
        "reportDir": "cypress/reports/json",
        "overwrite": false,
        "html": false,
        "json": true,
        "inlineAssets": true
      },
      "version": "6.2.0"
    }
  }
}