{
  "stats": {
    "suites": 6,
    "tests": 6,
    "passes": 4,
    "pending": 0,
    "failures": 2,
    "testsRegistered": 6,
    "passPercent": 66.66666666666667,
    "pendingPercent": 0,
    "other": 0,
    "hasOther": false,
    "skipped": 0,
    "hasSkipped": false,
    "start": "2025-07-10T19:50:36.508Z",
    "end": "2025-07-10T19:53:03.244Z",
    "duration": 146736
  },
  "results": [
    {
      "uuid": "503096a2-9234-43f6-8ae8-1ac8eab59ec3",
      "title": "",
      "fullFile": "cypress\\e2e\\pdf\\saldo_projetado.cy.js",
      "file": "cypress\\e2e\\pdf\\saldo_projetado.cy.js",
      "beforeHooks": [],
      "afterHooks": [],
      "tests": [],
      "suites": [
        {
          "uuid": "734d720c-40cc-40a9-a6ef-618a9747a047",
          "title": "CashMe | Planilha de Saldo Projetado",
          "fullFile": "",
          "file": "",
          "beforeHooks": [],
          "afterHooks": [],
          "tests": [
            {
              "title": "",
              "fullTitle": "CashMe | Planilha de Saldo Projetado ",
              "timedOut": null,
              "duration": 219,
              "state": "passed",
              "speed": "fast",
              "pass": true,
              "fail": false,
              "pending": false,
              "context": null,
              "code": "const filePath = 'cypress/e2e/pdf/planilha_saldo_projetado.xls';\ncy.readExcelCell(filePath, 'D6').then(valor => {\n  expect(valor).to.equal('Adquirente_00000000002801');\n});\ncy.readExcelCell(filePath, 'B18').then(valor => {\n  expect(valor).to.equal('VALOR DA INCORPORAÇÃO  :   5.226,66');\n});",
              "err": {},
              "uuid": "71d9842e-261e-462e-9f0c-7ba220f78480",
              "parentUUID": "734d720c-40cc-40a9-a6ef-618a9747a047",
              "isHook": false,
              "skipped": false
            }
          ],
          "suites": [],
          "passes": [
            "71d9842e-261e-462e-9f0c-7ba220f78480"
          ],
          "failures": [],
          "pending": [],
          "skipped": [],
          "duration": 219,
          "root": false,
          "rootEmpty": false,
          "_timeout": 2000
        }
      ],
      "passes": [],
      "failures": [],
      "pending": [],
      "skipped": [],
      "duration": 0,
      "root": true,
      "rootEmpty": true,
      "_timeout": 2000
    },
    {
      "uuid": "ef01fc7b-3e15-43e5-8e3d-cfe0a9a78fbd",
      "title": "",
      "fullFile": "cypress\\e2e\\api\\simulacao_contratos_erro.cy.js",
      "file": "cypress\\e2e\\api\\simulacao_contratos_erro.cy.js",
      "beforeHooks": [],
      "afterHooks": [],
      "tests": [],
      "suites": [
        {
          "uuid": "c91ac28a-a550-4b69-a2e8-5e8d49a27356",
          "title": "CashMe | Simulação de Evolução de Contrato",
          "fullFile": "",
          "file": "",
          "beforeHooks": [],
          "afterHooks": [],
          "tests": [
            {
              "title": "",
              "fullTitle": "CashMe | Simulação de Evolução de Contrato ",
              "timedOut": null,
              "duration": 624,
              "state": "failed",
              "speed": null,
              "pass": false,
              "fail": true,
              "pending": false,
              "context": "{\n  \"title\": \"cypress-mochawesome-reporter-screenshots\",\n  \"value\": [\n    [\n      \"\\\\simulacao_contratos_erro.cy.js\\\\CashMe  Simulação de Evolução de Contrato --  (failed).png\"\n    ]\n  ]\n}",
              "code": "cy.request({\n  method: 'POST',\n  url,\n  qs: queryParams,\n  headers,\n  body: requestBody,\n  failOnStatusCode: false\n}).then(response => {\n  cy.softAssert(response.status === 200, `Status esperado 200, veio ${response.status}`);\n  const body = response.body;\n  const temGrid = body.hasOwnProperty('GRIDEVOLUCAOTEORICA');\n  cy.softAssert(temGrid, `Propriedade 'GRIDEVOLUCAOTEORICA' ausente no body.`);\n  if (temGrid) {\n    validarGridEvolucaoTeorica(body.GRIDEVOLUCAOTEORICA);\n  }\n  cy.softAssert(body.VA_IOF === '2107.61', `Valor de VA_IOF esperado '2107.61', veio '${body.VA_IOF}'`);\n}).then(() => {\n  cy.checkSoftAsserts();\n});",
              "err": {
                "message": "Error: Erro(s) encontrado(s):\nPRESTACAO da 1ª parcela esperado '73.98', veio '73.99'\nSALDODEV da última parcela esperado '0.01', veio '0'\nValor de VA_IOF esperado '2107.61', veio '2107.62'",
                "estack": "Error: Erro(s) encontrado(s):\nPRESTACAO da 1ª parcela esperado '73.98', veio '73.99'\nSALDODEV da última parcela esperado '0.01', veio '0'\nValor de VA_IOF esperado '2107.61', veio '2107.62'\n    at Context.eval (webpack:///./cypress/support/commands.js:14:12)\n    at getRet (http://localhost:62394/__cypress/runner/cypress_runner.js:120949:20)\n    at tryCatcher (http://localhost:62394/__cypress/runner/cypress_runner.js:1777:23)\n    at Promise.attempt.Promise.try (http://localhost:62394/__cypress/runner/cypress_runner.js:4285:29)\n    at Context.thenFn (http://localhost:62394/__cypress/runner/cypress_runner.js:120960:66)\n    at Context.then (http://localhost:62394/__cypress/runner/cypress_runner.js:121211:21)\n    at wrapped (http://localhost:62394/__cypress/runner/cypress_runner.js:141532:19)\n    at <unknown> (http://localhost:62394/__cypress/runner/cypress_runner.js:147477:15)\n    at tryCatcher (http://localhost:62394/__cypress/runner/cypress_runner.js:1777:23)",
                "diff": null
              },
              "uuid": "969e33e2-0714-456b-b835-f3be329eff8c",
              "parentUUID": "c91ac28a-a550-4b69-a2e8-5e8d49a27356",
              "isHook": false,
              "skipped": false
            }
          ],
          "suites": [],
          "passes": [],
          "failures": [
            "969e33e2-0714-456b-b835-f3be329eff8c"
          ],
          "pending": [],
          "skipped": [],
          "duration": 624,
          "root": false,
          "rootEmpty": false,
          "_timeout": 2000
        }
      ],
      "passes": [],
      "failures": [],
      "pending": [],
      "skipped": [],
      "duration": 0,
      "root": true,
      "rootEmpty": true,
      "_timeout": 2000
    },
    {
      "uuid": "df53a5e2-1647-46ec-be04-4fa1e339ad03",
      "title": "",
      "fullFile": "cypress\\e2e\\api\\simulacao_contratos.cy.js",
      "file": "cypress\\e2e\\api\\simulacao_contratos.cy.js",
      "beforeHooks": [],
      "afterHooks": [],
      "tests": [],
      "suites": [
        {
          "uuid": "f9aeb14c-80dc-4ff0-8a24-39cf69479ef1",
          "title": "CashMe | Simulação de Evolução de Contrato",
          "fullFile": "",
          "file": "",
          "beforeHooks": [],
          "afterHooks": [],
          "tests": [
            {
              "title": "",
              "fullTitle": "CashMe | Simulação de Evolução de Contrato ",
              "timedOut": null,
              "duration": 430,
              "state": "passed",
              "speed": "fast",
              "pass": true,
              "fail": false,
              "pending": false,
              "context": null,
              "code": "cy.request({\n  method: 'POST',\n  url,\n  qs: queryParams,\n  headers,\n  body: requestBody,\n  failOnStatusCode: false\n}).then(response => {\n  cy.softAssert(response.status === 200, `Status esperado 200, veio ${response.status}`);\n  const body = response.body;\n  const temGrid = body.hasOwnProperty('GRIDEVOLUCAOTEORICA');\n  cy.softAssert(temGrid, `Propriedade 'GRIDEVOLUCAOTEORICA' ausente no body.`);\n  if (temGrid) {\n    validarGridEvolucaoTeorica(body.GRIDEVOLUCAOTEORICA);\n  }\n  cy.softAssert(body.VA_IOF === '2107.62', `Valor de VA_IOF esperado '2107.62', veio '${body.VA_IOF}'`);\n}).then(() => {\n  cy.checkSoftAsserts();\n});",
              "err": {},
              "uuid": "f2a10ef3-736b-4cad-9046-9a7bfc74f4b5",
              "parentUUID": "f9aeb14c-80dc-4ff0-8a24-39cf69479ef1",
              "isHook": false,
              "skipped": false
            }
          ],
          "suites": [],
          "passes": [
            "f2a10ef3-736b-4cad-9046-9a7bfc74f4b5"
          ],
          "failures": [],
          "pending": [],
          "skipped": [],
          "duration": 430,
          "root": false,
          "rootEmpty": false,
          "_timeout": 2000
        }
      ],
      "passes": [],
      "failures": [],
      "pending": [],
      "skipped": [],
      "duration": 0,
      "root": true,
      "rootEmpty": true,
      "_timeout": 2000
    },
    {
      "uuid": "23f05887-89f8-4fd0-b899-1b1d810d271e",
      "title": "",
      "fullFile": "cypress\\e2e\\pdf\\tarifas_pretendente.cy.js",
      "file": "cypress\\e2e\\pdf\\tarifas_pretendente.cy.js",
      "beforeHooks": [],
      "afterHooks": [],
      "tests": [],
      "suites": [
        {
          "uuid": "681a8bed-882f-4d43-9473-cacb2e8956f2",
          "title": "Leitura de PDF - Tarifas Pretendente",
          "fullFile": "",
          "file": "",
          "beforeHooks": [],
          "afterHooks": [],
          "tests": [
            {
              "title": "",
              "fullTitle": "Leitura de PDF - Tarifas Pretendente ",
              "timedOut": null,
              "duration": 621,
              "state": "passed",
              "speed": "fast",
              "pass": true,
              "fail": false,
              "pending": false,
              "context": null,
              "code": "const caminhoPdf = 'cypress/e2e/pdf/boleto.pdf';\ncy.task('lerPdf', caminhoPdf).then(textoPdf => {\n  cy.log(textoPdf);\n  expect(textoPdf).to.include('Recibo do Pagador');\n  expect(textoPdf).to.include('BRB BANCO DE BRASILIA SA CPF/CNPJ: 00.000.208/0001-00');\n  expect(textoPdf).to.include('SBS QD 01 BL E ASA SUL BRASÍLIA-DF - 700729-000');\n  expect(textoPdf).to.include('(=) Valor do Documento');\n  expect(textoPdf).to.include('20,00');\n});",
              "err": {},
              "uuid": "47d148c2-578c-4b85-9327-f8df0f12820c",
              "parentUUID": "681a8bed-882f-4d43-9473-cacb2e8956f2",
              "isHook": false,
              "skipped": false
            }
          ],
          "suites": [],
          "passes": [
            "47d148c2-578c-4b85-9327-f8df0f12820c"
          ],
          "failures": [],
          "pending": [],
          "skipped": [],
          "duration": 621,
          "root": false,
          "rootEmpty": false,
          "_timeout": 2000
        }
      ],
      "passes": [],
      "failures": [],
      "pending": [],
      "skipped": [],
      "duration": 0,
      "root": true,
      "rootEmpty": true,
      "_timeout": 2000
    },
    {
      "uuid": "d174e06f-6aae-426b-8a69-fbbe1e99d0d6",
      "title": "",
      "fullFile": "cypress\\e2e\\nav\\validar_supertela_erro.cy.js",
      "file": "cypress\\e2e\\nav\\validar_supertela_erro.cy.js",
      "beforeHooks": [],
      "afterHooks": [],
      "tests": [],
      "suites": [
        {
          "uuid": "083dd5bd-50bf-485f-81f1-61a82845364e",
          "title": "CashMe | Validar informações da Super Tela",
          "fullFile": "",
          "file": "",
          "beforeHooks": [],
          "afterHooks": [],
          "tests": [
            {
              "title": "",
              "fullTitle": "CashMe | Validar informações da Super Tela ",
              "timedOut": null,
              "duration": 21195,
              "state": "failed",
              "speed": null,
              "pass": false,
              "fail": true,
              "pending": false,
              "context": "{\n  \"title\": \"cypress-mochawesome-reporter-screenshots\",\n  \"value\": [\n    [\n      \"\\\\validar_supertela_erro.cy.js\\\\CashMe  Validar informações da Super Tela --  (failed).png\"\n    ]\n  ]\n}",
              "code": "function validarCamposHeaderContrato() {\n  cy.get('[name=\"CTRDISP\"]', {\n    timeout: 10000\n  }).should('have.value', '00000009162');\n  cy.get('[name=\"CADMUT_FINANC_DTASSIN\"]').should('have.value', '10/Jun/2025');\n  cy.get('[name=\"CADMUT_FINANC_VALFINANC\"]').should('have.value', '100.000,00');\n  cy.get('[name=\"CALCULO_DIV$TXJUROS_EFETIVA_ANUAL\"]').should('have.value', '21,27000000 %');\n  cy.get('[name=\"CALCULO_DIV$PLANO_ATUAL\"]').should('have.value', '111 - GEN/TP   ');\n  cy.get('[name=\"CALCULO_DIV$DONOCRED\"]').should('have.value', '001-NOME_1');\n  cy.get('[name=\"CALCULO_DIV$PRAZO_REMANESCENTE_MESES\"]').should('have.value', '240');\n  cy.get('[name=\"CALCULO_DIV$NU_PRESTACOES_PAGAS\"]').should('have.value', '0');\n  cy.get('[name=\"CALCULO_DIV$NU_PRESTACOES_DISPONIVEIS\"]').should('have.value', '0');\n  cy.get('[name=\"CALCULO_QUIT$NU_PRAZO_REM\"]').should('have.value', '240');\n  cy.get('[name=\"CALCULO_DIV$VALORPAGOAMAISJ\"]').should('have.value', '0,00');\n  cy.get('[name=\"CALCULO_DIV$CONTAPRIMARIA\"]').should('have.value', 'CONTA CASHME');\n}\nconst numeroContrato = '000054-0';\ncy.loginSupervisor();\ncy.acessarContrato(numeroContrato);\nvalidarCamposHeaderContrato();",
              "err": {
                "message": "AssertionError: Timed out retrying after 4000ms: expected '<input#aejs-numberfield-1241-inputEl.x-form-field.x-form-text.x-form-text-default.>' to have value '100.000,00', but the value was '101.169,53'",
                "estack": "AssertionError: Timed out retrying after 4000ms: expected '<input#aejs-numberfield-1241-inputEl.x-form-field.x-form-text.x-form-text-default.>' to have value '100.000,00', but the value was '101.169,53'\n    at validarCamposHeaderContrato (webpack:///./cypress/e2e/nav/validar_supertela_erro.cy.js:7:49)\n    at Context.eval (webpack:///./cypress/e2e/nav/validar_supertela_erro.cy.js:22:4)",
                "diff": "- '101.169,53'\n+ '100.000,00'\n"
              },
              "uuid": "ef32896f-cbef-47a5-ad37-fc06c44bfbd5",
              "parentUUID": "083dd5bd-50bf-485f-81f1-61a82845364e",
              "isHook": false,
              "skipped": false
            }
          ],
          "suites": [],
          "passes": [],
          "failures": [
            "ef32896f-cbef-47a5-ad37-fc06c44bfbd5"
          ],
          "pending": [],
          "skipped": [],
          "duration": 21195,
          "root": false,
          "rootEmpty": false,
          "_timeout": 2000
        }
      ],
      "passes": [],
      "failures": [],
      "pending": [],
      "skipped": [],
      "duration": 0,
      "root": true,
      "rootEmpty": true,
      "_timeout": 2000
    },
    {
      "uuid": "f8855c62-628d-4be0-ae48-c16e85d00bf2",
      "title": "",
      "fullFile": "cypress\\e2e\\nav\\validar_supertela.cy.js",
      "file": "cypress\\e2e\\nav\\validar_supertela.cy.js",
      "beforeHooks": [],
      "afterHooks": [],
      "tests": [],
      "suites": [
        {
          "uuid": "fcaa1e02-a9d5-404d-be78-403b36c9314d",
          "title": "CashMe | Validar informações da Super Tela",
          "fullFile": "",
          "file": "",
          "beforeHooks": [],
          "afterHooks": [],
          "tests": [
            {
              "title": "",
              "fullTitle": "CashMe | Validar informações da Super Tela ",
              "timedOut": null,
              "duration": 15345,
              "state": "passed",
              "speed": "slow",
              "pass": true,
              "fail": false,
              "pending": false,
              "context": null,
              "code": "function validarCamposHeaderContrato() {\n  cy.get('[name=\"CTRDISP\"]', {\n    timeout: 10000\n  }).should('have.value', '00000009162');\n  cy.get('[name=\"CADMUT_FINANC_DTASSIN\"]').should('have.value', '10/Jun/2025');\n  cy.get('[name=\"CADMUT_FINANC_VALFINANC\"]').should('have.value', '101.169,53');\n  cy.get('[name=\"CALCULO_DIV$TXJUROS_EFETIVA_ANUAL\"]').should('have.value', '21,27000000 %');\n  cy.get('[name=\"CALCULO_DIV$PLANO_ATUAL\"]').should('have.value', '111 - GEN/TP   ');\n  cy.get('[name=\"CALCULO_DIV$DONOCRED\"]').should('have.value', '001-CASHME SOLUCOES FINANCEIRAS S.A.');\n  cy.get('[name=\"CALCULO_DIV$PRAZO_REMANESCENTE_MESES\"]').should('have.value', '240');\n  cy.get('[name=\"CALCULO_DIV$NU_PRESTACOES_PAGAS\"]').should('have.value', '0');\n  cy.get('[name=\"CALCULO_DIV$NU_PRESTACOES_DISPONIVEIS\"]').should('have.value', '0');\n  cy.get('[name=\"CALCULO_QUIT$NU_PRAZO_REM\"]').should('have.value', '240');\n  cy.get('[name=\"CALCULO_DIV$VALORPAGOAMAISJ\"]').should('have.value', '0,00');\n  cy.get('[name=\"CALCULO_DIV$CONTAPRIMARIA\"]').should('have.value', 'CONTA CASHME');\n}\nconst numeroContrato = '000054-0';\ncy.loginSupervisor();\ncy.acessarContrato(numeroContrato);\nvalidarCamposHeaderContrato();",
              "err": {},
              "uuid": "d566c9c8-565f-4a8f-9233-84c287daa59c",
              "parentUUID": "fcaa1e02-a9d5-404d-be78-403b36c9314d",
              "isHook": false,
              "skipped": false
            }
          ],
          "suites": [],
          "passes": [
            "d566c9c8-565f-4a8f-9233-84c287daa59c"
          ],
          "failures": [],
          "pending": [],
          "skipped": [],
          "duration": 15345,
          "root": false,
          "rootEmpty": false,
          "_timeout": 2000
        }
      ],
      "passes": [],
      "failures": [],
      "pending": [],
      "skipped": [],
      "duration": 0,
      "root": true,
      "rootEmpty": true,
      "_timeout": 2000
    }
  ],
  "meta": {
    "mocha": {
      "version": "7.2.0"
    },
    "mochawesome": {
      "options": {
        "quiet": false,
        "reportFilename": "mochawesome",
        "saveHtml": false,
        "saveJson": true,
        "consoleReporter": "spec",
        "useInlineDiffs": false,
        "code": true
      },
      "version": "7.1.3"
    },
    "marge": {
      "options": {
        "reportDir": "cypress/reports/json",
        "overwrite": false,
        "html": false,
        "json": true,
        "inlineAssets": true
      },
      "version": "6.2.0"
    }
  }
}