{
  "stats": {
    "suites": 1,
    "tests": 1,
    "passes": 1,
    "pending": 0,
    "failures": 0,
    "start": "2025-07-10T19:51:21.738Z",
    "end": "2025-07-10T19:51:42.494Z",
    "duration": 20756,
    "testsRegistered": 1,
    "passPercent": 100,
    "pendingPercent": 0,
    "other": 0,
    "hasOther": false,
    "skipped": 0,
    "hasSkipped": false
  },
  "results": [
    {
      "uuid": "f8855c62-628d-4be0-ae48-c16e85d00bf2",
      "title": "",
      "fullFile": "cypress\\e2e\\nav\\validar_supertela.cy.js",
      "file": "cypress\\e2e\\nav\\validar_supertela.cy.js",
      "beforeHooks": [],
      "afterHooks": [],
      "tests": [],
      "suites": [
        {
          "uuid": "fcaa1e02-a9d5-404d-be78-403b36c9314d",
          "title": "CashMe | Validar informações da Super Tela",
          "fullFile": "",
          "file": "",
          "beforeHooks": [],
          "afterHooks": [],
          "tests": [
            {
              "title": "",
              "fullTitle": "CashMe | Validar informações da Super Tela ",
              "timedOut": null,
              "duration": 15345,
              "state": "passed",
              "speed": "slow",
              "pass": true,
              "fail": false,
              "pending": false,
              "context": null,
              "code": "function validarCamposHeaderContrato() {\n  cy.get('[name=\"CTRDISP\"]', {\n    timeout: 10000\n  }).should('have.value', '00000009162');\n  cy.get('[name=\"CADMUT_FINANC_DTASSIN\"]').should('have.value', '10/Jun/2025');\n  cy.get('[name=\"CADMUT_FINANC_VALFINANC\"]').should('have.value', '101.169,53');\n  cy.get('[name=\"CALCULO_DIV$TXJUROS_EFETIVA_ANUAL\"]').should('have.value', '21,27000000 %');\n  cy.get('[name=\"CALCULO_DIV$PLANO_ATUAL\"]').should('have.value', '111 - GEN/TP   ');\n  cy.get('[name=\"CALCULO_DIV$DONOCRED\"]').should('have.value', '001-CASHME SOLUCOES FINANCEIRAS S.A.');\n  cy.get('[name=\"CALCULO_DIV$PRAZO_REMANESCENTE_MESES\"]').should('have.value', '240');\n  cy.get('[name=\"CALCULO_DIV$NU_PRESTACOES_PAGAS\"]').should('have.value', '0');\n  cy.get('[name=\"CALCULO_DIV$NU_PRESTACOES_DISPONIVEIS\"]').should('have.value', '0');\n  cy.get('[name=\"CALCULO_QUIT$NU_PRAZO_REM\"]').should('have.value', '240');\n  cy.get('[name=\"CALCULO_DIV$VALORPAGOAMAISJ\"]').should('have.value', '0,00');\n  cy.get('[name=\"CALCULO_DIV$CONTAPRIMARIA\"]').should('have.value', 'CONTA CASHME');\n}\nconst numeroContrato = '000054-0';\ncy.loginSupervisor();\ncy.acessarContrato(numeroContrato);\nvalidarCamposHeaderContrato();",
              "err": {},
              "uuid": "d566c9c8-565f-4a8f-9233-84c287daa59c",
              "parentUUID": "fcaa1e02-a9d5-404d-be78-403b36c9314d",
              "isHook": false,
              "skipped": false
            }
          ],
          "suites": [],
          "passes": [
            "d566c9c8-565f-4a8f-9233-84c287daa59c"
          ],
          "failures": [],
          "pending": [],
          "skipped": [],
          "duration": 15345,
          "root": false,
          "rootEmpty": false,
          "_timeout": 2000
        }
      ],
      "passes": [],
      "failures": [],
      "pending": [],
      "skipped": [],
      "duration": 0,
      "root": true,
      "rootEmpty": true,
      "_timeout": 2000
    }
  ],
  "meta": {
    "mocha": {
      "version": "7.2.0"
    },
    "mochawesome": {
      "options": {
        "quiet": false,
        "reportFilename": "mochawesome",
        "saveHtml": false,
        "saveJson": true,
        "consoleReporter": "spec",
        "useInlineDiffs": false,
        "code": true
      },
      "version": "7.1.3"
    },
    "marge": {
      "options": {
        "reportDir": "cypress/reports/json",
        "overwrite": false,
        "html": false,
        "json": true,
        "inlineAssets": true
      },
      "version": "6.2.0"
    }
  }
}