{
  "stats": {
    "suites": 1,
    "tests": 1,
    "passes": 1,
    "pending": 0,
    "failures": 0,
    "start": "2025-07-10T19:53:02.454Z",
    "end": "2025-07-10T19:53:03.244Z",
    "duration": 790,
    "testsRegistered": 1,
    "passPercent": 100,
    "pendingPercent": 0,
    "other": 0,
    "hasOther": false,
    "skipped": 0,
    "hasSkipped": false
  },
  "results": [
    {
      "uuid": "23f05887-89f8-4fd0-b899-1b1d810d271e",
      "title": "",
      "fullFile": "cypress\\e2e\\pdf\\tarifas_pretendente.cy.js",
      "file": "cypress\\e2e\\pdf\\tarifas_pretendente.cy.js",
      "beforeHooks": [],
      "afterHooks": [],
      "tests": [],
      "suites": [
        {
          "uuid": "681a8bed-882f-4d43-9473-cacb2e8956f2",
          "title": "Leitura de PDF - Tarifas Pretendente",
          "fullFile": "",
          "file": "",
          "beforeHooks": [],
          "afterHooks": [],
          "tests": [
            {
              "title": "",
              "fullTitle": "Leitura de PDF - Tarifas Pretendente ",
              "timedOut": null,
              "duration": 621,
              "state": "passed",
              "speed": "fast",
              "pass": true,
              "fail": false,
              "pending": false,
              "context": null,
              "code": "const caminhoPdf = 'cypress/e2e/pdf/boleto.pdf';\ncy.task('lerPdf', caminhoPdf).then(textoPdf => {\n  cy.log(textoPdf);\n  expect(textoPdf).to.include('Recibo do Pagador');\n  expect(textoPdf).to.include('BRB BANCO DE BRASILIA SA CPF/CNPJ: 00.000.208/0001-00');\n  expect(textoPdf).to.include('SBS QD 01 BL E ASA SUL BRASÍLIA-DF - 700729-000');\n  expect(textoPdf).to.include('(=) Valor do Documento');\n  expect(textoPdf).to.include('20,00');\n});",
              "err": {},
              "uuid": "47d148c2-578c-4b85-9327-f8df0f12820c",
              "parentUUID": "681a8bed-882f-4d43-9473-cacb2e8956f2",
              "isHook": false,
              "skipped": false
            }
          ],
          "suites": [],
          "passes": [
            "47d148c2-578c-4b85-9327-f8df0f12820c"
          ],
          "failures": [],
          "pending": [],
          "skipped": [],
          "duration": 621,
          "root": false,
          "rootEmpty": false,
          "_timeout": 2000
        }
      ],
      "passes": [],
      "failures": [],
      "pending": [],
      "skipped": [],
      "duration": 0,
      "root": true,
      "rootEmpty": true,
      "_timeout": 2000
    }
  ],
  "meta": {
    "mocha": {
      "version": "7.2.0"
    },
    "mochawesome": {
      "options": {
        "quiet": false,
        "reportFilename": "mochawesome",
        "saveHtml": false,
        "saveJson": true,
        "consoleReporter": "spec",
        "useInlineDiffs": false,
        "code": true
      },
      "version": "7.1.3"
    },
    "marge": {
      "options": {
        "reportDir": "cypress/reports/json",
        "overwrite": false,
        "html": false,
        "json": true,
        "inlineAssets": true
      },
      "version": "6.2.0"
    }
  }
}