{
  "stats": {
    "suites": 1,
    "tests": 1,
    "passes": 0,
    "pending": 0,
    "failures": 1,
    "start": "2025-07-10T19:52:01.483Z",
    "end": "2025-07-10T19:52:28.092Z",
    "duration": 26609,
    "testsRegistered": 1,
    "passPercent": 0,
    "pendingPercent": 0,
    "other": 0,
    "hasOther": false,
    "skipped": 0,
    "hasSkipped": false
  },
  "results": [
    {
      "uuid": "d174e06f-6aae-426b-8a69-fbbe1e99d0d6",
      "title": "",
      "fullFile": "cypress\\e2e\\nav\\validar_supertela_erro.cy.js",
      "file": "cypress\\e2e\\nav\\validar_supertela_erro.cy.js",
      "beforeHooks": [],
      "afterHooks": [],
      "tests": [],
      "suites": [
        {
          "uuid": "083dd5bd-50bf-485f-81f1-61a82845364e",
          "title": "CashMe | Validar informações da Super Tela",
          "fullFile": "",
          "file": "",
          "beforeHooks": [],
          "afterHooks": [],
          "tests": [
            {
              "title": "",
              "fullTitle": "CashMe | Validar informações da Super Tela ",
              "timedOut": null,
              "duration": 21195,
              "state": "failed",
              "speed": null,
              "pass": false,
              "fail": true,
              "pending": false,
              "context": "{\n  \"title\": \"cypress-mochawesome-reporter-screenshots\",\n  \"value\": [\n    [\n      \"\\\\validar_supertela_erro.cy.js\\\\CashMe  Validar informações da Super Tela --  (failed).png\"\n    ]\n  ]\n}",
              "code": "function validarCamposHeaderContrato() {\n  cy.get('[name=\"CTRDISP\"]', {\n    timeout: 10000\n  }).should('have.value', '00000009162');\n  cy.get('[name=\"CADMUT_FINANC_DTASSIN\"]').should('have.value', '10/Jun/2025');\n  cy.get('[name=\"CADMUT_FINANC_VALFINANC\"]').should('have.value', '100.000,00');\n  cy.get('[name=\"CALCULO_DIV$TXJUROS_EFETIVA_ANUAL\"]').should('have.value', '21,27000000 %');\n  cy.get('[name=\"CALCULO_DIV$PLANO_ATUAL\"]').should('have.value', '111 - GEN/TP   ');\n  cy.get('[name=\"CALCULO_DIV$DONOCRED\"]').should('have.value', '001-NOME_1');\n  cy.get('[name=\"CALCULO_DIV$PRAZO_REMANESCENTE_MESES\"]').should('have.value', '240');\n  cy.get('[name=\"CALCULO_DIV$NU_PRESTACOES_PAGAS\"]').should('have.value', '0');\n  cy.get('[name=\"CALCULO_DIV$NU_PRESTACOES_DISPONIVEIS\"]').should('have.value', '0');\n  cy.get('[name=\"CALCULO_QUIT$NU_PRAZO_REM\"]').should('have.value', '240');\n  cy.get('[name=\"CALCULO_DIV$VALORPAGOAMAISJ\"]').should('have.value', '0,00');\n  cy.get('[name=\"CALCULO_DIV$CONTAPRIMARIA\"]').should('have.value', 'CONTA CASHME');\n}\nconst numeroContrato = '000054-0';\ncy.loginSupervisor();\ncy.acessarContrato(numeroContrato);\nvalidarCamposHeaderContrato();",
              "err": {
                "message": "AssertionError: Timed out retrying after 4000ms: expected '<input#aejs-numberfield-1241-inputEl.x-form-field.x-form-text.x-form-text-default.>' to have value '100.000,00', but the value was '101.169,53'",
                "estack": "AssertionError: Timed out retrying after 4000ms: expected '<input#aejs-numberfield-1241-inputEl.x-form-field.x-form-text.x-form-text-default.>' to have value '100.000,00', but the value was '101.169,53'\n    at validarCamposHeaderContrato (webpack:///./cypress/e2e/nav/validar_supertela_erro.cy.js:7:49)\n    at Context.eval (webpack:///./cypress/e2e/nav/validar_supertela_erro.cy.js:22:4)",
                "diff": "- '101.169,53'\n+ '100.000,00'\n"
              },
              "uuid": "ef32896f-cbef-47a5-ad37-fc06c44bfbd5",
              "parentUUID": "083dd5bd-50bf-485f-81f1-61a82845364e",
              "isHook": false,
              "skipped": false
            }
          ],
          "suites": [],
          "passes": [],
          "failures": [
            "ef32896f-cbef-47a5-ad37-fc06c44bfbd5"
          ],
          "pending": [],
          "skipped": [],
          "duration": 21195,
          "root": false,
          "rootEmpty": false,
          "_timeout": 2000
        }
      ],
      "passes": [],
      "failures": [],
      "pending": [],
      "skipped": [],
      "duration": 0,
      "root": true,
      "rootEmpty": true,
      "_timeout": 2000
    }
  ],
  "meta": {
    "mocha": {
      "version": "7.2.0"
    },
    "mochawesome": {
      "options": {
        "quiet": false,
        "reportFilename": "mochawesome",
        "saveHtml": false,
        "saveJson": true,
        "consoleReporter": "spec",
        "useInlineDiffs": false,
        "code": true
      },
      "version": "7.1.3"
    },
    "marge": {
      "options": {
        "reportDir": "cypress/reports/json",
        "overwrite": false,
        "html": false,
        "json": true,
        "inlineAssets": true
      },
      "version": "6.2.0"
    }
  }
}